#
# A fatal error has been detected by the Java Runtime Environment:
#
#  Internal Error (javaClasses.cpp:136), pid=15723, tid=140228580337408
#  fatal error: Invalid layout of preloaded class
#
# JRE version:  (7.0_51-b13) (build )
# Java VM: Java HotSpot(TM) 64-Bit Server VM (24.51-b03 mixed mode linux-amd64 compressed oops)
# Failed to write core dump. Core dumps have been disabled. To enable core dumping, try "ulimit -c unlimited" before starting Java again
#
# If you would like to submit a bug report, please visit:
#   http://bugreport.sun.com/bugreport/crash.jsp
#

---------------  T H R E A D  ---------------

Current thread (0x00007f897c009800):  JavaThread "Unknown thread" [_thread_in_vm, id=15729, stack(0x00007f8982a7e000,0x00007f8982b7f000)]

Stack: [0x00007f8982a7e000,0x00007f8982b7f000],  sp=0x00007f8982b7d780,  free space=1021k
Native frames: (J=compiled Java code, j=interpreted, Vv=VM code, C=native code)
V  [libjvm.so+0x992f4a]  VMError::report_and_die()+0x2ea
V  [libjvm.so+0x493569]  report_fatal(char const*, int, char const*)+0x59
V  [libjvm.so+0x5fdce0]  compute_offset(int&, klassOopDesc*, Symbol*, Symbol*, bool)+0x140
V  [libjvm.so+0x5fe7f9]  java_lang_String::compute_offsets()+0x39
V  [libjvm.so+0x9191c5]  SystemDictionary::initialize_preloaded_classes(Thread*)+0x1a5
V  [libjvm.so+0x967f04]  Universe::genesis(Thread*)+0x494
V  [libjvm.so+0x9683b9]  universe2_init()+0x29
V  [libjvm.so+0x5a967d]  init_globals()+0xbd
V  [libjvm.so+0x94ef8d]  Threads::create_vm(JavaVMInitArgs*, bool*)+0x1ed
V  [libjvm.so+0x6307e4]  JNI_CreateJavaVM+0x74
C  [libjli.so+0x2f8e]  JavaMain+0x9e


---------------  P R O C E S S  ---------------

Java Threads: ( => current thread )

Other Threads:

=>0x00007f897c009800 (exited) JavaThread "Unknown thread" [_thread_in_vm, id=15729, stack(0x00007f8982a7e000,0x00007f8982b7f000)]

VM state:not at safepoint (not fully initialized)

VM Mutex/Monitor currently owned by a thread: None

GC Heap History (0 events):
No events

Deoptimization events (0 events):
No events

Internal exceptions (0 events):
No events

Events (10 events):
Event: 0.011 loading class 0x00007f8974b530d0
Event: 0.012 loading class 0x00007f8974b530d0 done
Event: 0.012 loading class 0x00007f8974b53110
Event: 0.012 loading class 0x00007f8974b536f0
Event: 0.012 loading class 0x00007f8974b536f0 done
Event: 0.012 loading class 0x00007f8974b59e10
Event: 0.012 loading class 0x00007f8974b59e10 done
Event: 0.013 loading class 0x00007f8974b53110 done
Event: 0.013 loading class 0x00007f8974b530f0
Event: 0.013 loading class 0x00007f8974b530f0 done


Dynamic libraries:
00400000-00401000 r-xp 00000000 08:06 924254                             /usr/local/java/jdk1.7.0_51/bin/java
00600000-00601000 rw-p 00000000 08:06 924254                             /usr/local/java/jdk1.7.0_51/bin/java
01c63000-01c84000 rw-p 00000000 00:00 0                                  [heap]
9de00000-9f300000 rw-p 00000000 00:00 0 
9f300000-a3000000 rw-p 00000000 00:00 0 
a3000000-a6e00000 rw-p 00000000 00:00 0 
a6e00000-e1000000 rw-p 00000000 00:00 0 
e1000000-e2f00000 rw-p 00000000 00:00 0 
e2f00000-100000000 rw-p 00000000 00:00 0 
7f8954000000-7f8954021000 rw-p 00000000 00:00 0 
7f8954021000-7f8958000000 ---p 00000000 00:00 0 
7f8958000000-7f8958021000 rw-p 00000000 00:00 0 
7f8958021000-7f895c000000 ---p 00000000 00:00 0 
7f895c000000-7f895c021000 rw-p 00000000 00:00 0 
7f895c021000-7f8960000000 ---p 00000000 00:00 0 
7f8960000000-7f8960021000 rw-p 00000000 00:00 0 
7f8960021000-7f8964000000 ---p 00000000 00:00 0 
7f8964000000-7f8964021000 rw-p 00000000 00:00 0 
7f8964021000-7f8968000000 ---p 00000000 00:00 0 
7f8968000000-7f8968021000 rw-p 00000000 00:00 0 
7f8968021000-7f896c000000 ---p 00000000 00:00 0 
7f896c000000-7f896c021000 rw-p 00000000 00:00 0 
7f896c021000-7f8970000000 ---p 00000000 00:00 0 
7f8970000000-7f8970021000 rw-p 00000000 00:00 0 
7f8970021000-7f8974000000 ---p 00000000 00:00 0 
7f8974898000-7f8977fcf000 rw-p 00000000 00:00 0 
7f8977fcf000-7f8977fd0000 ---p 00000000 00:00 0 
7f8977fd0000-7f89780d0000 rw-p 00000000 00:00 0                          [stack:15737]
7f89780d0000-7f89780d1000 ---p 00000000 00:00 0 
7f89780d1000-7f89781d1000 rw-p 00000000 00:00 0                          [stack:15736]
7f89781d1000-7f89781d2000 ---p 00000000 00:00 0 
7f89781d2000-7f89782d2000 rw-p 00000000 00:00 0                          [stack:15735]
7f89782d2000-7f89782d3000 ---p 00000000 00:00 0 
7f89782d3000-7f89783d3000 rw-p 00000000 00:00 0                          [stack:15734]
7f89783d3000-7f89783d4000 ---p 00000000 00:00 0 
7f89783d4000-7f89784d4000 rw-p 00000000 00:00 0                          [stack:15733]
7f89784d4000-7f89784d5000 ---p 00000000 00:00 0 
7f89784d5000-7f89785d5000 rw-p 00000000 00:00 0                          [stack:15732]
7f89785d5000-7f89785d6000 ---p 00000000 00:00 0 
7f89785d6000-7f89786f5000 rw-p 00000000 00:00 0                          [stack:15731]
7f89786f5000-7f89788c6000 rw-p 00000000 00:00 0 
7f89788c6000-7f89788d1000 rw-p 00000000 00:00 0 
7f89788d1000-7f89788ef000 rw-p 00000000 00:00 0 
7f89788ef000-7f897890e000 rw-p 00000000 00:00 0 
7f897890e000-7f8978adf000 rw-p 00000000 00:00 0 
7f8978adf000-7f8978aef000 rw-p 00000000 00:00 0 
7f8978aef000-7f8978bd7000 rw-p 00000000 00:00 0 
7f8978bd7000-7f8978bd8000 rw-p 00000000 00:00 0 
7f8978bd8000-7f8978e48000 rwxp 00000000 00:00 0 
7f8978e48000-7f897bbd8000 rw-p 00000000 00:00 0 
7f897bbd8000-7f897bbf2000 r-xp 00000000 08:06 1578389                    /usr/local/java/jdk1.7.0_51/jre/lib/amd64/libzip.so
7f897bbf2000-7f897bdf2000 ---p 0001a000 08:06 1578389                    /usr/local/java/jdk1.7.0_51/jre/lib/amd64/libzip.so
7f897bdf2000-7f897bdf3000 rw-p 0001a000 08:06 1578389                    /usr/local/java/jdk1.7.0_51/jre/lib/amd64/libzip.so
7f897bdf3000-7f897bdff000 r-xp 00000000 08:06 11538074                   /lib/x86_64-linux-gnu/libnss_files-2.17.so
7f897bdff000-7f897bffe000 ---p 0000c000 08:06 11538074                   /lib/x86_64-linux-gnu/libnss_files-2.17.so
7f897bffe000-7f897bfff000 r--p 0000b000 08:06 11538074                   /lib/x86_64-linux-gnu/libnss_files-2.17.so
7f897bfff000-7f897c000000 rw-p 0000c000 08:06 11538074                   /lib/x86_64-linux-gnu/libnss_files-2.17.so
7f897c000000-7f897c05b000 rw-p 00000000 00:00 0 
7f897c05b000-7f8980000000 ---p 00000000 00:00 0 
7f8980036000-7f898007d000 rw-p 00000000 00:00 0 
7f898007d000-7f898007e000 ---p 00000000 00:00 0 
7f898007e000-7f8980189000 rw-p 00000000 00:00 0                          [stack:15730]
7f8980189000-7f89801a7000 rw-p 00000000 00:00 0 
7f89801a7000-7f89801b2000 r-xp 00000000 08:06 11538062                   /lib/x86_64-linux-gnu/libnss_nis-2.17.so
7f89801b2000-7f89803b1000 ---p 0000b000 08:06 11538062                   /lib/x86_64-linux-gnu/libnss_nis-2.17.so
7f89803b1000-7f89803b2000 r--p 0000a000 08:06 11538062                   /lib/x86_64-linux-gnu/libnss_nis-2.17.so
7f89803b2000-7f89803b3000 rw-p 0000b000 08:06 11538062                   /lib/x86_64-linux-gnu/libnss_nis-2.17.so
7f89803b3000-7f89803ca000 r-xp 00000000 08:06 11535148                   /lib/x86_64-linux-gnu/libnsl-2.17.so
7f89803ca000-7f89805c9000 ---p 00017000 08:06 11535148                   /lib/x86_64-linux-gnu/libnsl-2.17.so
7f89805c9000-7f89805ca000 r--p 00016000 08:06 11535148                   /lib/x86_64-linux-gnu/libnsl-2.17.so
7f89805ca000-7f89805cb000 rw-p 00017000 08:06 11535148                   /lib/x86_64-linux-gnu/libnsl-2.17.so
7f89805cb000-7f89805cd000 rw-p 00000000 00:00 0 
7f89805cd000-7f89805d5000 r-xp 00000000 08:06 11538007                   /lib/x86_64-linux-gnu/libnss_compat-2.17.so
7f89805d5000-7f89807d4000 ---p 00008000 08:06 11538007                   /lib/x86_64-linux-gnu/libnss_compat-2.17.so
7f89807d4000-7f89807d5000 r--p 00007000 08:06 11538007                   /lib/x86_64-linux-gnu/libnss_compat-2.17.so
7f89807d5000-7f89807d6000 rw-p 00008000 08:06 11538007                   /lib/x86_64-linux-gnu/libnss_compat-2.17.so
7f89807d6000-7f89807ff000 r-xp 00000000 08:06 1578373                    /usr/local/java/jdk1.7.0_51/jre/lib/amd64/libjava.so
7f89807ff000-7f89809ff000 ---p 00029000 08:06 1578373                    /usr/local/java/jdk1.7.0_51/jre/lib/amd64/libjava.so
7f89809ff000-7f8980a01000 rw-p 00029000 08:06 1578373                    /usr/local/java/jdk1.7.0_51/jre/lib/amd64/libjava.so
7f8980a01000-7f8980a0e000 r-xp 00000000 08:06 1578371                    /usr/local/java/jdk1.7.0_51/jre/lib/amd64/libverify.so
7f8980a0e000-7f8980c0d000 ---p 0000d000 08:06 1578371                    /usr/local/java/jdk1.7.0_51/jre/lib/amd64/libverify.so
7f8980c0d000-7f8980c0f000 rw-p 0000c000 08:06 1578371                    /usr/local/java/jdk1.7.0_51/jre/lib/amd64/libverify.so
7f8980c0f000-7f8980c16000 r-xp 00000000 08:06 11538078                   /lib/x86_64-linux-gnu/librt-2.17.so
7f8980c16000-7f8980e15000 ---p 00007000 08:06 11538078                   /lib/x86_64-linux-gnu/librt-2.17.so
7f8980e15000-7f8980e16000 r--p 00006000 08:06 11538078                   /lib/x86_64-linux-gnu/librt-2.17.so
7f8980e16000-7f8980e17000 rw-p 00007000 08:06 11538078                   /lib/x86_64-linux-gnu/librt-2.17.so
7f8980e17000-7f8980f1a000 r-xp 00000000 08:06 11538020                   /lib/x86_64-linux-gnu/libm-2.17.so
7f8980f1a000-7f8981119000 ---p 00103000 08:06 11538020                   /lib/x86_64-linux-gnu/libm-2.17.so
7f8981119000-7f898111a000 r--p 00102000 08:06 11538020                   /lib/x86_64-linux-gnu/libm-2.17.so
7f898111a000-7f898111b000 rw-p 00103000 08:06 11538020                   /lib/x86_64-linux-gnu/libm-2.17.so
7f898111b000-7f8981c7d000 r-xp 00000000 08:06 1578379                    /usr/local/java/jdk1.7.0_51/jre/lib/amd64/server/libjvm.so
7f8981c7d000-7f8981e7d000 ---p 00b62000 08:06 1578379                    /usr/local/java/jdk1.7.0_51/jre/lib/amd64/server/libjvm.so
7f8981e7d000-7f8981f40000 rw-p 00b62000 08:06 1578379                    /usr/local/java/jdk1.7.0_51/jre/lib/amd64/server/libjvm.so
7f8981f40000-7f8981f81000 rw-p 00000000 00:00 0 
7f8981f81000-7f898213e000 r-xp 00000000 08:06 11538131                   /lib/x86_64-linux-gnu/libc-2.17.so
7f898213e000-7f898233e000 ---p 001bd000 08:06 11538131                   /lib/x86_64-linux-gnu/libc-2.17.so
7f898233e000-7f8982342000 r--p 001bd000 08:06 11538131                   /lib/x86_64-linux-gnu/libc-2.17.so
7f8982342000-7f8982344000 rw-p 001c1000 08:06 11538131                   /lib/x86_64-linux-gnu/libc-2.17.so
7f8982344000-7f8982349000 rw-p 00000000 00:00 0 
7f8982349000-7f898234c000 r-xp 00000000 08:06 11538153                   /lib/x86_64-linux-gnu/libdl-2.17.so
7f898234c000-7f898254b000 ---p 00003000 08:06 11538153                   /lib/x86_64-linux-gnu/libdl-2.17.so
7f898254b000-7f898254c000 r--p 00002000 08:06 11538153                   /lib/x86_64-linux-gnu/libdl-2.17.so
7f898254c000-7f898254d000 rw-p 00003000 08:06 11538153                   /lib/x86_64-linux-gnu/libdl-2.17.so
7f898254d000-7f8982563000 r-xp 00000000 08:06 928774                     /usr/local/java/jdk1.7.0_51/lib/amd64/jli/libjli.so
7f8982563000-7f8982763000 ---p 00016000 08:06 928774                     /usr/local/java/jdk1.7.0_51/lib/amd64/jli/libjli.so
7f8982763000-7f8982764000 rw-p 00016000 08:06 928774                     /usr/local/java/jdk1.7.0_51/lib/amd64/jli/libjli.so
7f8982764000-7f898277b000 r-xp 00000000 08:06 11538154                   /lib/x86_64-linux-gnu/libpthread-2.17.so
7f898277b000-7f898297b000 ---p 00017000 08:06 11538154                   /lib/x86_64-linux-gnu/libpthread-2.17.so
7f898297b000-7f898297c000 r--p 00017000 08:06 11538154                   /lib/x86_64-linux-gnu/libpthread-2.17.so
7f898297c000-7f898297d000 rw-p 00018000 08:06 11538154                   /lib/x86_64-linux-gnu/libpthread-2.17.so
7f898297d000-7f8982981000 rw-p 00000000 00:00 0 
7f8982981000-7f89829a4000 r-xp 00000000 08:06 11538030                   /lib/x86_64-linux-gnu/ld-2.17.so
7f89829be000-7f89829c8000 rw-p 00000000 00:00 0 
7f89829c8000-7f8982a7e000 rw-p 00000000 00:00 0 
7f8982a7e000-7f8982a81000 ---p 00000000 00:00 0 
7f8982a81000-7f8982b83000 rw-p 00000000 00:00 0                          [stack:15729]
7f8982b85000-7f8982b87000 rw-p 00000000 00:00 0 
7f8982b87000-7f8982b97000 r--s 000bf000 08:06 7870508                    /home/amirsaber/Desktop/WorkSpace/leJOS_NXJ_0.9.1beta-3/lib/nxt/classes.jar
7f8982b97000-7f8982b9f000 rw-s 00000000 08:06 12721487                   /tmp/hsperfdata_amirsaber/15723
7f8982b9f000-7f8982ba0000 rw-p 00000000 00:00 0 
7f8982ba0000-7f8982ba1000 r--p 00000000 00:00 0 
7f8982ba1000-7f8982ba3000 rw-p 00000000 00:00 0 
7f8982ba3000-7f8982ba4000 r--p 00022000 08:06 11538030                   /lib/x86_64-linux-gnu/ld-2.17.so
7f8982ba4000-7f8982ba6000 rw-p 00023000 08:06 11538030                   /lib/x86_64-linux-gnu/ld-2.17.so
7fffbee37000-7fffbee58000 rw-p 00000000 00:00 0                          [stack]
7fffbef48000-7fffbef4a000 r-xp 00000000 00:00 0                          [vdso]
ffffffffff600000-ffffffffff601000 r-xp 00000000 00:00 0                  [vsyscall]

VM Arguments:
jvm_args: -Dfile.encoding=UTF-8 -Xbootclasspath:/home/amirsaber/Desktop/WorkSpace/leJOS_NXJ_0.9.1beta-3/lib/nxt/classes.jar 
java_command: com.sputnik.Sputnik_Tester
Launcher Type: SUN_STANDARD

Environment Variables:
JAVA_HOME=/usr/local/java/jdk1.7.0_51
JRE_HOME=/usr/local/java/jdk1.7.0_51/jre
PATH=/usr/lib/lightdm/lightdm:/usr/local/sbin:/usr/local/bin:/usr/sbin:/usr/bin:/sbin:/bin:/usr/games:/usr/local/games:/home/amirsaber/bin:/usr/local/java/jdk1.7.0_51/bin:/home/amirsaber/bin:/usr/local/java/jdk1.7.0_51/jre/bin
SHELL=/bin/bash
DISPLAY=:0.0

Signal Handlers:
SIGSEGV: [libjvm.so+0x993870], sa_mask[0]=0x7ffbfeff, sa_flags=0x10000004
SIGBUS: [libjvm.so+0x993870], sa_mask[0]=0x7ffbfeff, sa_flags=0x10000004
SIGFPE: [libjvm.so+0x8105b0], sa_mask[0]=0x7ffbfeff, sa_flags=0x10000004
SIGPIPE: [libjvm.so+0x8105b0], sa_mask[0]=0x7ffbfeff, sa_flags=0x10000004
SIGXFSZ: [libjvm.so+0x8105b0], sa_mask[0]=0x7ffbfeff, sa_flags=0x10000004
SIGILL: [libjvm.so+0x8105b0], sa_mask[0]=0x7ffbfeff, sa_flags=0x10000004
SIGUSR1: SIG_DFL, sa_mask[0]=0x00000000, sa_flags=0x00000000
SIGUSR2: [libjvm.so+0x811aa0], sa_mask[0]=0x00000004, sa_flags=0x10000004
SIGHUP: SIG_DFL, sa_mask[0]=0x00000000, sa_flags=0x00000000
SIGINT: SIG_DFL, sa_mask[0]=0x00000000, sa_flags=0x00000000
SIGTERM: SIG_DFL, sa_mask[0]=0x00000000, sa_flags=0x00000000
SIGQUIT: SIG_DFL, sa_mask[0]=0x00000000, sa_flags=0x00000000


---------------  S Y S T E M  ---------------

OS:wheezy/sid

uname:Linux 3.11.0-15-generic #25-Ubuntu SMP Thu Jan 30 17:22:01 UTC 2014 x86_64
libc:glibc 2.17 NPTL 2.17 
rlimit: STACK 8192k, CORE 0k, NPROC 47454, NOFILE 4096, AS infinity
load average:0.69 0.45 0.37

/proc/meminfo:
MemTotal:        6094428 kB
MemFree:         1751544 kB
Buffers:          325560 kB
Cached:          1212100 kB
SwapCached:         1388 kB
Active:          2676568 kB
Inactive:        1162880 kB
Active(anon):    1889892 kB
Inactive(anon):   435256 kB
Active(file):     786676 kB
Inactive(file):   727624 kB
Unevictable:          48 kB
Mlocked:              48 kB
SwapTotal:       6270972 kB
SwapFree:        6268560 kB
Dirty:               360 kB
Writeback:             0 kB
AnonPages:       2300836 kB
Mapped:           231972 kB
Shmem:             23452 kB
Slab:             321736 kB
SReclaimable:     272612 kB
SUnreclaim:        49124 kB
KernelStack:        6232 kB
PageTables:        50024 kB
NFS_Unstable:          0 kB
Bounce:                0 kB
WritebackTmp:          0 kB
CommitLimit:     9318184 kB
Committed_AS:    7547252 kB
VmallocTotal:   34359738367 kB
VmallocUsed:      123488 kB
VmallocChunk:   34359610876 kB
HardwareCorrupted:     0 kB
AnonHugePages:         0 kB
HugePages_Total:       0
HugePages_Free:        0
HugePages_Rsvd:        0
HugePages_Surp:        0
Hugepagesize:       2048 kB
DirectMap4k:      299476 kB
DirectMap2M:     5974016 kB


CPU:total 8 (4 cores per cpu, 2 threads per core) family 6 model 30 stepping 5, cmov, cx8, fxsr, mmx, sse, sse2, sse3, ssse3, sse4.1, sse4.2, popcnt, ht, tsc, tscinvbit

/proc/cpuinfo:
processor	: 0
vendor_id	: GenuineIntel
cpu family	: 6
model		: 30
model name	: Intel(R) Core(TM) i7 CPU       Q 720  @ 1.60GHz
stepping	: 5
microcode	: 0x3
cpu MHz		: 933.000
cache size	: 6144 KB
physical id	: 0
siblings	: 8
core id		: 0
cpu cores	: 4
apicid		: 0
initial apicid	: 0
fpu		: yes
fpu_exception	: yes
cpuid level	: 11
wp		: yes
flags		: fpu vme de pse tsc msr pae mce cx8 apic sep mtrr pge mca cmov pat pse36 clflush dts acpi mmx fxsr sse sse2 ss ht tm pbe syscall nx rdtscp lm constant_tsc arch_perfmon pebs bts rep_good nopl xtopology nonstop_tsc aperfmperf pni dtes64 monitor ds_cpl vmx smx est tm2 ssse3 cx16 xtpr pdcm sse4_1 sse4_2 popcnt lahf_lm ida dtherm tpr_shadow vnmi flexpriority ept vpid
bogomips	: 3192.17
clflush size	: 64
cache_alignment	: 64
address sizes	: 36 bits physical, 48 bits virtual
power management:

processor	: 1
vendor_id	: GenuineIntel
cpu family	: 6
model		: 30
model name	: Intel(R) Core(TM) i7 CPU       Q 720  @ 1.60GHz
stepping	: 5
microcode	: 0x3
cpu MHz		: 933.000
cache size	: 6144 KB
physical id	: 0
siblings	: 8
core id		: 1
cpu cores	: 4
apicid		: 2
initial apicid	: 2
fpu		: yes
fpu_exception	: yes
cpuid level	: 11
wp		: yes
flags		: fpu vme de pse tsc msr pae mce cx8 apic sep mtrr pge mca cmov pat pse36 clflush dts acpi mmx fxsr sse sse2 ss ht tm pbe syscall nx rdtscp lm constant_tsc arch_perfmon pebs bts rep_good nopl xtopology nonstop_tsc aperfmperf pni dtes64 monitor ds_cpl vmx smx est tm2 ssse3 cx16 xtpr pdcm sse4_1 sse4_2 popcnt lahf_lm ida dtherm tpr_shadow vnmi flexpriority ept vpid
bogomips	: 3192.17
clflush size	: 64
cache_alignment	: 64
address sizes	: 36 bits physical, 48 bits virtual
power management:

processor	: 2
vendor_id	: GenuineIntel
cpu family	: 6
model		: 30
model name	: Intel(R) Core(TM) i7 CPU       Q 720  @ 1.60GHz
stepping	: 5
microcode	: 0x3
cpu MHz		: 933.000
cache size	: 6144 KB
physical id	: 0
siblings	: 8
core id		: 2
cpu cores	: 4
apicid		: 4
initial apicid	: 4
fpu		: yes
fpu_exception	: yes
cpuid level	: 11
wp		: yes
flags		: fpu vme de pse tsc msr pae mce cx8 apic sep mtrr pge mca cmov pat pse36 clflush dts acpi mmx fxsr sse sse2 ss ht tm pbe syscall nx rdtscp lm constant_tsc arch_perfmon pebs bts rep_good nopl xtopology nonstop_tsc aperfmperf pni dtes64 monitor ds_cpl vmx smx est tm2 ssse3 cx16 xtpr pdcm sse4_1 sse4_2 popcnt lahf_lm ida dtherm tpr_shadow vnmi flexpriority ept vpid
bogomips	: 3192.17
clflush size	: 64
cache_alignment	: 64
address sizes	: 36 bits physical, 48 bits virtual
power management:

processor	: 3
vendor_id	: GenuineIntel
cpu family	: 6
model		: 30
model name	: Intel(R) Core(TM) i7 CPU       Q 720  @ 1.60GHz
stepping	: 5
microcode	: 0x3
cpu MHz		: 933.000
cache size	: 6144 KB
physical id	: 0
siblings	: 8
core id		: 3
cpu cores	: 4
apicid		: 6
initial apicid	: 6
fpu		: yes
fpu_exception	: yes
cpuid level	: 11
wp		: yes
flags		: fpu vme de pse tsc msr pae mce cx8 apic sep mtrr pge mca cmov pat pse36 clflush dts acpi mmx fxsr sse sse2 ss ht tm pbe syscall nx rdtscp lm constant_tsc arch_perfmon pebs bts rep_good nopl xtopology nonstop_tsc aperfmperf pni dtes64 monitor ds_cpl vmx smx est tm2 ssse3 cx16 xtpr pdcm sse4_1 sse4_2 popcnt lahf_lm ida dtherm tpr_shadow vnmi flexpriority ept vpid
bogomips	: 3192.17
clflush size	: 64
cache_alignment	: 64
address sizes	: 36 bits physical, 48 bits virtual
power management:

processor	: 4
vendor_id	: GenuineIntel
cpu family	: 6
model		: 30
model name	: Intel(R) Core(TM) i7 CPU       Q 720  @ 1.60GHz
stepping	: 5
microcode	: 0x3
cpu MHz		: 1199.000
cache size	: 6144 KB
physical id	: 0
siblings	: 8
core id		: 0
cpu cores	: 4
apicid		: 1
initial apicid	: 1
fpu		: yes
fpu_exception	: yes
cpuid level	: 11
wp		: yes
flags		: fpu vme de pse tsc msr pae mce cx8 apic sep mtrr pge mca cmov pat pse36 clflush dts acpi mmx fxsr sse sse2 ss ht tm pbe syscall nx rdtscp lm constant_tsc arch_perfmon pebs bts rep_good nopl xtopology nonstop_tsc aperfmperf pni dtes64 monitor ds_cpl vmx smx est tm2 ssse3 cx16 xtpr pdcm sse4_1 sse4_2 popcnt lahf_lm ida dtherm tpr_shadow vnmi flexpriority ept vpid
bogomips	: 3192.17
clflush size	: 64
cache_alignment	: 64
address sizes	: 36 bits physical, 48 bits virtual
power management:

processor	: 5
vendor_id	: GenuineIntel
cpu family	: 6
model		: 30
model name	: Intel(R) Core(TM) i7 CPU       Q 720  @ 1.60GHz
stepping	: 5
microcode	: 0x3
cpu MHz		: 1600.000
cache size	: 6144 KB
physical id	: 0
siblings	: 8
core id		: 1
cpu cores	: 4
apicid		: 3
initial apicid	: 3
fpu		: yes
fpu_exception	: yes
cpuid level	: 11
wp		: yes
flags		: fpu vme de pse tsc msr pae mce cx8 apic sep mtrr pge mca cmov pat pse36 clflush dts acpi mmx fxsr sse sse2 ss ht tm pbe syscall nx rdtscp lm constant_tsc arch_perfmon pebs bts rep_good nopl xtopology nonstop_tsc aperfmperf pni dtes64 monitor ds_cpl vmx smx est tm2 ssse3 cx16 xtpr pdcm sse4_1 sse4_2 popcnt lahf_lm ida dtherm tpr_shadow vnmi flexpriority ept vpid
bogomips	: 3192.17
clflush size	: 64
cache_alignment	: 64
address sizes	: 36 bits physical, 48 bits virtual
power management:

processor	: 6
vendor_id	: GenuineIntel
cpu family	: 6
model		: 30
model name	: Intel(R) Core(TM) i7 CPU       Q 720  @ 1.60GHz
stepping	: 5
microcode	: 0x3
cpu MHz		: 1600.000
cache size	: 6144 KB
physical id	: 0
siblings	: 8
core id		: 2
cpu cores	: 4
apicid		: 5
initial apicid	: 5
fpu		: yes
fpu_exception	: yes
cpuid level	: 11
wp		: yes
flags		: fpu vme de pse tsc msr pae mce cx8 apic sep mtrr pge mca cmov pat pse36 clflush dts acpi mmx fxsr sse sse2 ss ht tm pbe syscall nx rdtscp lm constant_tsc arch_perfmon pebs bts rep_good nopl xtopology nonstop_tsc aperfmperf pni dtes64 monitor ds_cpl vmx smx est tm2 ssse3 cx16 xtpr pdcm sse4_1 sse4_2 popcnt lahf_lm ida dtherm tpr_shadow vnmi flexpriority ept vpid
bogomips	: 3192.17
clflush size	: 64
cache_alignment	: 64
address sizes	: 36 bits physical, 48 bits virtual
power management:

processor	: 7
vendor_id	: GenuineIntel
cpu family	: 6
model		: 30
model name	: Intel(R) Core(TM) i7 CPU       Q 720  @ 1.60GHz
stepping	: 5
microcode	: 0x3
cpu MHz		: 1600.000
cache size	: 6144 KB
physical id	: 0
siblings	: 8
core id		: 3
cpu cores	: 4
apicid		: 7
initial apicid	: 7
fpu		: yes
fpu_exception	: yes
cpuid level	: 11
wp		: yes
flags		: fpu vme de pse tsc msr pae mce cx8 apic sep mtrr pge mca cmov pat pse36 clflush dts acpi mmx fxsr sse sse2 ss ht tm pbe syscall nx rdtscp lm constant_tsc arch_perfmon pebs bts rep_good nopl xtopology nonstop_tsc aperfmperf pni dtes64 monitor ds_cpl vmx smx est tm2 ssse3 cx16 xtpr pdcm sse4_1 sse4_2 popcnt lahf_lm ida dtherm tpr_shadow vnmi flexpriority ept vpid
bogomips	: 3192.17
clflush size	: 64
cache_alignment	: 64
address sizes	: 36 bits physical, 48 bits virtual
power management:



Memory: 4k page, physical 6094428k(1751544k free), swap 6270972k(6268560k free)

vm_info: Java HotSpot(TM) 64-Bit Server VM (24.51-b03) for linux-amd64 JRE (1.7.0_51-b13), built on Dec 18 2013 18:48:01 by "java_re" with gcc 4.3.0 20080428 (Red Hat 4.3.0-8)

time: Tue Mar  4 21:49:39 2014
elapsed time: 0 seconds

