#
# A fatal error has been detected by the Java Runtime Environment:
#
#  Internal Error (javaClasses.cpp:136), pid=15742, tid=139896772282112
#  fatal error: Invalid layout of preloaded class
#
# JRE version:  (7.0_51-b13) (build )
# Java VM: Java HotSpot(TM) 64-Bit Server VM (24.51-b03 mixed mode linux-amd64 compressed oops)
# Failed to write core dump. Core dumps have been disabled. To enable core dumping, try "ulimit -c unlimited" before starting Java again
#
# If you would like to submit a bug report, please visit:
#   http://bugreport.sun.com/bugreport/crash.jsp
#

---------------  T H R E A D  ---------------

Current thread (0x00007f3c3800c000):  JavaThread "Unknown thread" [_thread_in_vm, id=15747, stack(0x00007f3c415ac000,0x00007f3c416ad000)]

Stack: [0x00007f3c415ac000,0x00007f3c416ad000],  sp=0x00007f3c416ab780,  free space=1021k
Native frames: (J=compiled Java code, j=interpreted, Vv=VM code, C=native code)
V  [libjvm.so+0x992f4a]  VMError::report_and_die()+0x2ea
V  [libjvm.so+0x493569]  report_fatal(char const*, int, char const*)+0x59
V  [libjvm.so+0x5fdce0]  compute_offset(int&, klassOopDesc*, Symbol*, Symbol*, bool)+0x140
V  [libjvm.so+0x5fe7f9]  java_lang_String::compute_offsets()+0x39
V  [libjvm.so+0x9191c5]  SystemDictionary::initialize_preloaded_classes(Thread*)+0x1a5
V  [libjvm.so+0x967f04]  Universe::genesis(Thread*)+0x494
V  [libjvm.so+0x9683b9]  universe2_init()+0x29
V  [libjvm.so+0x5a967d]  init_globals()+0xbd
V  [libjvm.so+0x94ef8d]  Threads::create_vm(JavaVMInitArgs*, bool*)+0x1ed
V  [libjvm.so+0x6307e4]  JNI_CreateJavaVM+0x74
C  [libjli.so+0x2f8e]  JavaMain+0x9e


---------------  P R O C E S S  ---------------

Java Threads: ( => current thread )

Other Threads:

=>0x00007f3c3800c000 (exited) JavaThread "Unknown thread" [_thread_in_vm, id=15747, stack(0x00007f3c415ac000,0x00007f3c416ad000)]

VM state:not at safepoint (not fully initialized)

VM Mutex/Monitor currently owned by a thread: None

GC Heap History (0 events):
No events

Deoptimization events (0 events):
No events

Internal exceptions (0 events):
No events

Events (10 events):
Event: 0.069 loading class 0x00007f3c3cca80d0
Event: 0.070 loading class 0x00007f3c3cca80d0 done
Event: 0.070 loading class 0x00007f3c3cca8110
Event: 0.070 loading class 0x00007f3c3cca86f0
Event: 0.070 loading class 0x00007f3c3cca86f0 done
Event: 0.070 loading class 0x00007f3c3ccaee10
Event: 0.070 loading class 0x00007f3c3ccaee10 done
Event: 0.070 loading class 0x00007f3c3cca8110 done
Event: 0.070 loading class 0x00007f3c3cca80f0
Event: 0.070 loading class 0x00007f3c3cca80f0 done


Dynamic libraries:
00400000-00401000 r-xp 00000000 08:06 924254                             /usr/local/java/jdk1.7.0_51/bin/java
00600000-00601000 rw-p 00000000 08:06 924254                             /usr/local/java/jdk1.7.0_51/bin/java
0116b000-0118c000 rw-p 00000000 00:00 0                                  [heap]
9de00000-9f300000 rw-p 00000000 00:00 0 
9f300000-a3000000 rw-p 00000000 00:00 0 
a3000000-a6e00000 rw-p 00000000 00:00 0 
a6e00000-e1000000 rw-p 00000000 00:00 0 
e1000000-e2f00000 rw-p 00000000 00:00 0 
e2f00000-100000000 rw-p 00000000 00:00 0 
7f3c04000000-7f3c04021000 rw-p 00000000 00:00 0 
7f3c04021000-7f3c08000000 ---p 00000000 00:00 0 
7f3c0c000000-7f3c0c021000 rw-p 00000000 00:00 0 
7f3c0c021000-7f3c10000000 ---p 00000000 00:00 0 
7f3c14000000-7f3c14021000 rw-p 00000000 00:00 0 
7f3c14021000-7f3c18000000 ---p 00000000 00:00 0 
7f3c1c000000-7f3c1c021000 rw-p 00000000 00:00 0 
7f3c1c021000-7f3c20000000 ---p 00000000 00:00 0 
7f3c20000000-7f3c20021000 rw-p 00000000 00:00 0 
7f3c20021000-7f3c24000000 ---p 00000000 00:00 0 
7f3c24000000-7f3c24021000 rw-p 00000000 00:00 0 
7f3c24021000-7f3c28000000 ---p 00000000 00:00 0 
7f3c28000000-7f3c28021000 rw-p 00000000 00:00 0 
7f3c28021000-7f3c2c000000 ---p 00000000 00:00 0 
7f3c2cef0000-7f3c30000000 rw-p 00000000 00:00 0 
7f3c30000000-7f3c30021000 rw-p 00000000 00:00 0 
7f3c30021000-7f3c34000000 ---p 00000000 00:00 0 
7f3c35000000-7f3c35270000 rwxp 00000000 00:00 0 
7f3c35270000-7f3c3805d000 rw-p 00000000 00:00 0 
7f3c3805d000-7f3c3c000000 ---p 00000000 00:00 0 
7f3c3c9ed000-7f3c3d05b000 rw-p 00000000 00:00 0 
7f3c3d05b000-7f3c3d05c000 ---p 00000000 00:00 0 
7f3c3d05c000-7f3c3d15c000 rw-p 00000000 00:00 0                          [stack:15756]
7f3c3d15c000-7f3c3d15d000 ---p 00000000 00:00 0 
7f3c3d15d000-7f3c3d25d000 rw-p 00000000 00:00 0                          [stack:15755]
7f3c3d25d000-7f3c3d25e000 ---p 00000000 00:00 0 
7f3c3d25e000-7f3c3d35e000 rw-p 00000000 00:00 0                          [stack:15754]
7f3c3d35e000-7f3c3d35f000 ---p 00000000 00:00 0 
7f3c3d35f000-7f3c3d45f000 rw-p 00000000 00:00 0                          [stack:15753]
7f3c3d45f000-7f3c3d460000 ---p 00000000 00:00 0 
7f3c3d460000-7f3c3d560000 rw-p 00000000 00:00 0                          [stack:15752]
7f3c3d560000-7f3c3d561000 ---p 00000000 00:00 0 
7f3c3d561000-7f3c3d661000 rw-p 00000000 00:00 0                          [stack:15751]
7f3c3d661000-7f3c3d662000 ---p 00000000 00:00 0 
7f3c3d662000-7f3c3d762000 rw-p 00000000 00:00 0                          [stack:15750]
7f3c3d762000-7f3c3d763000 ---p 00000000 00:00 0 
7f3c3d763000-7f3c3d86e000 rw-p 00000000 00:00 0                          [stack:15749]
7f3c3d86e000-7f3c3d88c000 rw-p 00000000 00:00 0 
7f3c3d88c000-7f3c3d8ab000 rw-p 00000000 00:00 0 
7f3c3d8ab000-7f3c3da7c000 rw-p 00000000 00:00 0 
7f3c3da7c000-7f3c3da87000 rw-p 00000000 00:00 0 
7f3c3da87000-7f3c3daa5000 rw-p 00000000 00:00 0 
7f3c3daa5000-7f3c3dac4000 rw-p 00000000 00:00 0 
7f3c3dac4000-7f3c3dc95000 rw-p 00000000 00:00 0 
7f3c3dc95000-7f3c3dca5000 rw-p 00000000 00:00 0 
7f3c3dca5000-7f3c3dd8d000 rw-p 00000000 00:00 0 
7f3c3dd8d000-7f3c3dd8e000 rw-p 00000000 00:00 0 
7f3c3dd8e000-7f3c3dda8000 r-xp 00000000 08:06 1578389                    /usr/local/java/jdk1.7.0_51/jre/lib/amd64/libzip.so
7f3c3dda8000-7f3c3dfa8000 ---p 0001a000 08:06 1578389                    /usr/local/java/jdk1.7.0_51/jre/lib/amd64/libzip.so
7f3c3dfa8000-7f3c3dfa9000 rw-p 0001a000 08:06 1578389                    /usr/local/java/jdk1.7.0_51/jre/lib/amd64/libzip.so
7f3c3dfa9000-7f3c3dfb5000 r-xp 00000000 08:06 11538074                   /lib/x86_64-linux-gnu/libnss_files-2.17.so
7f3c3dfb5000-7f3c3e1b4000 ---p 0000c000 08:06 11538074                   /lib/x86_64-linux-gnu/libnss_files-2.17.so
7f3c3e1b4000-7f3c3e1b5000 r--p 0000b000 08:06 11538074                   /lib/x86_64-linux-gnu/libnss_files-2.17.so
7f3c3e1b5000-7f3c3e1b6000 rw-p 0000c000 08:06 11538074                   /lib/x86_64-linux-gnu/libnss_files-2.17.so
7f3c3e1b6000-7f3c3e1c1000 r-xp 00000000 08:06 11538062                   /lib/x86_64-linux-gnu/libnss_nis-2.17.so
7f3c3e1c1000-7f3c3e3c0000 ---p 0000b000 08:06 11538062                   /lib/x86_64-linux-gnu/libnss_nis-2.17.so
7f3c3e3c0000-7f3c3e3c1000 r--p 0000a000 08:06 11538062                   /lib/x86_64-linux-gnu/libnss_nis-2.17.so
7f3c3e3c1000-7f3c3e3c2000 rw-p 0000b000 08:06 11538062                   /lib/x86_64-linux-gnu/libnss_nis-2.17.so
7f3c3e3c2000-7f3c3e3d9000 r-xp 00000000 08:06 11535148                   /lib/x86_64-linux-gnu/libnsl-2.17.so
7f3c3e3d9000-7f3c3e5d8000 ---p 00017000 08:06 11535148                   /lib/x86_64-linux-gnu/libnsl-2.17.so
7f3c3e5d8000-7f3c3e5d9000 r--p 00016000 08:06 11535148                   /lib/x86_64-linux-gnu/libnsl-2.17.so
7f3c3e5d9000-7f3c3e5da000 rw-p 00017000 08:06 11535148                   /lib/x86_64-linux-gnu/libnsl-2.17.so
7f3c3e5da000-7f3c3e5dc000 rw-p 00000000 00:00 0 
7f3c3e5dc000-7f3c3e5e4000 r-xp 00000000 08:06 11538007                   /lib/x86_64-linux-gnu/libnss_compat-2.17.so
7f3c3e5e4000-7f3c3e7e3000 ---p 00008000 08:06 11538007                   /lib/x86_64-linux-gnu/libnss_compat-2.17.so
7f3c3e7e3000-7f3c3e7e4000 r--p 00007000 08:06 11538007                   /lib/x86_64-linux-gnu/libnss_compat-2.17.so
7f3c3e7e4000-7f3c3e7e5000 rw-p 00008000 08:06 11538007                   /lib/x86_64-linux-gnu/libnss_compat-2.17.so
7f3c3e7e5000-7f3c3eec6000 r--p 00000000 08:06 923692                     /usr/lib/locale/locale-archive
7f3c3eec6000-7f3c3eec9000 r-xp 00000000 08:06 1577362                    /usr/local/java/jdk1.7.0_51/jre/lib/amd64/libnpt.so
7f3c3eec9000-7f3c3f0c8000 ---p 00003000 08:06 1577362                    /usr/local/java/jdk1.7.0_51/jre/lib/amd64/libnpt.so
7f3c3f0c8000-7f3c3f0c9000 rw-p 00002000 08:06 1577362                    /usr/local/java/jdk1.7.0_51/jre/lib/amd64/libnpt.so
7f3c3f0c9000-7f3c3f102000 r-xp 00000000 08:06 1578394                    /usr/local/java/jdk1.7.0_51/jre/lib/amd64/libjdwp.so
7f3c3f102000-7f3c3f302000 ---p 00039000 08:06 1578394                    /usr/local/java/jdk1.7.0_51/jre/lib/amd64/libjdwp.so
7f3c3f302000-7f3c3f303000 rw-p 00039000 08:06 1578394                    /usr/local/java/jdk1.7.0_51/jre/lib/amd64/libjdwp.so
7f3c3f303000-7f3c3f304000 rw-p 00000000 00:00 0 
7f3c3f304000-7f3c3f32d000 r-xp 00000000 08:06 1578373                    /usr/local/java/jdk1.7.0_51/jre/lib/amd64/libjava.so
7f3c3f32d000-7f3c3f52d000 ---p 00029000 08:06 1578373                    /usr/local/java/jdk1.7.0_51/jre/lib/amd64/libjava.so
7f3c3f52d000-7f3c3f52f000 rw-p 00029000 08:06 1578373                    /usr/local/java/jdk1.7.0_51/jre/lib/amd64/libjava.so
7f3c3f52f000-7f3c3f53c000 r-xp 00000000 08:06 1578371                    /usr/local/java/jdk1.7.0_51/jre/lib/amd64/libverify.so
7f3c3f53c000-7f3c3f73b000 ---p 0000d000 08:06 1578371                    /usr/local/java/jdk1.7.0_51/jre/lib/amd64/libverify.so
7f3c3f73b000-7f3c3f73d000 rw-p 0000c000 08:06 1578371                    /usr/local/java/jdk1.7.0_51/jre/lib/amd64/libverify.so
7f3c3f73d000-7f3c3f744000 r-xp 00000000 08:06 11538078                   /lib/x86_64-linux-gnu/librt-2.17.so
7f3c3f744000-7f3c3f943000 ---p 00007000 08:06 11538078                   /lib/x86_64-linux-gnu/librt-2.17.so
7f3c3f943000-7f3c3f944000 r--p 00006000 08:06 11538078                   /lib/x86_64-linux-gnu/librt-2.17.so
7f3c3f944000-7f3c3f945000 rw-p 00007000 08:06 11538078                   /lib/x86_64-linux-gnu/librt-2.17.so
7f3c3f945000-7f3c3fa48000 r-xp 00000000 08:06 11538020                   /lib/x86_64-linux-gnu/libm-2.17.so
7f3c3fa48000-7f3c3fc47000 ---p 00103000 08:06 11538020                   /lib/x86_64-linux-gnu/libm-2.17.so
7f3c3fc47000-7f3c3fc48000 r--p 00102000 08:06 11538020                   /lib/x86_64-linux-gnu/libm-2.17.so
7f3c3fc48000-7f3c3fc49000 rw-p 00103000 08:06 11538020                   /lib/x86_64-linux-gnu/libm-2.17.so
7f3c3fc49000-7f3c407ab000 r-xp 00000000 08:06 1578379                    /usr/local/java/jdk1.7.0_51/jre/lib/amd64/server/libjvm.so
7f3c407ab000-7f3c409ab000 ---p 00b62000 08:06 1578379                    /usr/local/java/jdk1.7.0_51/jre/lib/amd64/server/libjvm.so
7f3c409ab000-7f3c40a6e000 rw-p 00b62000 08:06 1578379                    /usr/local/java/jdk1.7.0_51/jre/lib/amd64/server/libjvm.so
7f3c40a6e000-7f3c40aaf000 rw-p 00000000 00:00 0 
7f3c40aaf000-7f3c40c6c000 r-xp 00000000 08:06 11538131                   /lib/x86_64-linux-gnu/libc-2.17.so
7f3c40c6c000-7f3c40e6c000 ---p 001bd000 08:06 11538131                   /lib/x86_64-linux-gnu/libc-2.17.so
7f3c40e6c000-7f3c40e70000 r--p 001bd000 08:06 11538131                   /lib/x86_64-linux-gnu/libc-2.17.so
7f3c40e70000-7f3c40e72000 rw-p 001c1000 08:06 11538131                   /lib/x86_64-linux-gnu/libc-2.17.so
7f3c40e72000-7f3c40e77000 rw-p 00000000 00:00 0 
7f3c40e77000-7f3c40e7a000 r-xp 00000000 08:06 11538153                   /lib/x86_64-linux-gnu/libdl-2.17.so
7f3c40e7a000-7f3c41079000 ---p 00003000 08:06 11538153                   /lib/x86_64-linux-gnu/libdl-2.17.so
7f3c41079000-7f3c4107a000 r--p 00002000 08:06 11538153                   /lib/x86_64-linux-gnu/libdl-2.17.so
7f3c4107a000-7f3c4107b000 rw-p 00003000 08:06 11538153                   /lib/x86_64-linux-gnu/libdl-2.17.so
7f3c4107b000-7f3c41091000 r-xp 00000000 08:06 928774                     /usr/local/java/jdk1.7.0_51/lib/amd64/jli/libjli.so
7f3c41091000-7f3c41291000 ---p 00016000 08:06 928774                     /usr/local/java/jdk1.7.0_51/lib/amd64/jli/libjli.so
7f3c41291000-7f3c41292000 rw-p 00016000 08:06 928774                     /usr/local/java/jdk1.7.0_51/lib/amd64/jli/libjli.so
7f3c41292000-7f3c412a9000 r-xp 00000000 08:06 11538154                   /lib/x86_64-linux-gnu/libpthread-2.17.so
7f3c412a9000-7f3c414a9000 ---p 00017000 08:06 11538154                   /lib/x86_64-linux-gnu/libpthread-2.17.so
7f3c414a9000-7f3c414aa000 r--p 00017000 08:06 11538154                   /lib/x86_64-linux-gnu/libpthread-2.17.so
7f3c414aa000-7f3c414ab000 rw-p 00018000 08:06 11538154                   /lib/x86_64-linux-gnu/libpthread-2.17.so
7f3c414ab000-7f3c414af000 rw-p 00000000 00:00 0 
7f3c414af000-7f3c414d2000 r-xp 00000000 08:06 11538030                   /lib/x86_64-linux-gnu/ld-2.17.so
7f3c414ec000-7f3c414f6000 rw-p 00000000 00:00 0 
7f3c414f6000-7f3c415ac000 rw-p 00000000 00:00 0 
7f3c415ac000-7f3c415af000 ---p 00000000 00:00 0 
7f3c415af000-7f3c416b1000 rw-p 00000000 00:00 0                          [stack:15747]
7f3c416b3000-7f3c416b5000 rw-p 00000000 00:00 0 
7f3c416b5000-7f3c416c5000 r--s 000bf000 08:06 7870508                    /home/amirsaber/Desktop/WorkSpace/leJOS_NXJ_0.9.1beta-3/lib/nxt/classes.jar
7f3c416c5000-7f3c416cd000 rw-s 00000000 08:06 12721487                   /tmp/hsperfdata_amirsaber/15742
7f3c416cd000-7f3c416ce000 rw-p 00000000 00:00 0 
7f3c416ce000-7f3c416cf000 r--p 00000000 00:00 0 
7f3c416cf000-7f3c416d1000 rw-p 00000000 00:00 0 
7f3c416d1000-7f3c416d2000 r--p 00022000 08:06 11538030                   /lib/x86_64-linux-gnu/ld-2.17.so
7f3c416d2000-7f3c416d4000 rw-p 00023000 08:06 11538030                   /lib/x86_64-linux-gnu/ld-2.17.so
7ffff9950000-7ffff9971000 rw-p 00000000 00:00 0                          [stack]
7ffff9990000-7ffff9992000 r-xp 00000000 00:00 0                          [vdso]
ffffffffff600000-ffffffffff601000 r-xp 00000000 00:00 0                  [vsyscall]

VM Arguments:
jvm_args: -agentlib:jdwp=transport=dt_socket,suspend=y,address=localhost:60994 -Dfile.encoding=UTF-8 -Xbootclasspath:/home/amirsaber/Desktop/WorkSpace/leJOS_NXJ_0.9.1beta-3/lib/nxt/classes.jar 
java_command: com.sputnik.Sputnik_Tester
Launcher Type: SUN_STANDARD

Environment Variables:
JAVA_HOME=/usr/local/java/jdk1.7.0_51
JRE_HOME=/usr/local/java/jdk1.7.0_51/jre
PATH=/usr/lib/lightdm/lightdm:/usr/local/sbin:/usr/local/bin:/usr/sbin:/usr/bin:/sbin:/bin:/usr/games:/usr/local/games:/home/amirsaber/bin:/usr/local/java/jdk1.7.0_51/bin:/home/amirsaber/bin:/usr/local/java/jdk1.7.0_51/jre/bin
SHELL=/bin/bash
DISPLAY=:0.0

Signal Handlers:
SIGSEGV: [libjvm.so+0x993870], sa_mask[0]=0x7ffbfeff, sa_flags=0x10000004
SIGBUS: [libjvm.so+0x993870], sa_mask[0]=0x7ffbfeff, sa_flags=0x10000004
SIGFPE: [libjvm.so+0x8105b0], sa_mask[0]=0x7ffbfeff, sa_flags=0x10000004
SIGPIPE: [libjvm.so+0x8105b0], sa_mask[0]=0x7ffbfeff, sa_flags=0x10000004
SIGXFSZ: [libjvm.so+0x8105b0], sa_mask[0]=0x7ffbfeff, sa_flags=0x10000004
SIGILL: [libjvm.so+0x8105b0], sa_mask[0]=0x7ffbfeff, sa_flags=0x10000004
SIGUSR1: SIG_DFL, sa_mask[0]=0x00000000, sa_flags=0x00000000
SIGUSR2: [libjvm.so+0x811aa0], sa_mask[0]=0x00000004, sa_flags=0x10000004
SIGHUP: SIG_DFL, sa_mask[0]=0x00000000, sa_flags=0x00000000
SIGINT: SIG_DFL, sa_mask[0]=0x00000000, sa_flags=0x00000000
SIGTERM: SIG_DFL, sa_mask[0]=0x00000000, sa_flags=0x00000000
SIGQUIT: SIG_DFL, sa_mask[0]=0x00000000, sa_flags=0x00000000


---------------  S Y S T E M  ---------------

OS:wheezy/sid

uname:Linux 3.11.0-15-generic #25-Ubuntu SMP Thu Jan 30 17:22:01 UTC 2014 x86_64
libc:glibc 2.17 NPTL 2.17 
rlimit: STACK 8192k, CORE 0k, NPROC 47454, NOFILE 4096, AS infinity
load average:0.50 0.42 0.36

/proc/meminfo:
MemTotal:        6094428 kB
MemFree:         1749760 kB
Buffers:          325560 kB
Cached:          1213008 kB
SwapCached:         1388 kB
Active:          2676944 kB
Inactive:        1163652 kB
Active(anon):    1890224 kB
Inactive(anon):   435260 kB
Active(file):     786720 kB
Inactive(file):   728392 kB
Unevictable:          48 kB
Mlocked:              48 kB
SwapTotal:       6270972 kB
SwapFree:        6268560 kB
Dirty:               192 kB
Writeback:             0 kB
AnonPages:       2300388 kB
Mapped:           232268 kB
Shmem:             23456 kB
Slab:             321748 kB
SReclaimable:     272660 kB
SUnreclaim:        49088 kB
KernelStack:        6248 kB
PageTables:        50024 kB
NFS_Unstable:          0 kB
Bounce:                0 kB
WritebackTmp:          0 kB
CommitLimit:     9318184 kB
Committed_AS:    7544768 kB
VmallocTotal:   34359738367 kB
VmallocUsed:      123488 kB
VmallocChunk:   34359610876 kB
HardwareCorrupted:     0 kB
AnonHugePages:         0 kB
HugePages_Total:       0
HugePages_Free:        0
HugePages_Rsvd:        0
HugePages_Surp:        0
Hugepagesize:       2048 kB
DirectMap4k:      299476 kB
DirectMap2M:     5974016 kB


CPU:total 8 (4 cores per cpu, 2 threads per core) family 6 model 30 stepping 5, cmov, cx8, fxsr, mmx, sse, sse2, sse3, ssse3, sse4.1, sse4.2, popcnt, ht, tsc, tscinvbit

/proc/cpuinfo:
processor	: 0
vendor_id	: GenuineIntel
cpu family	: 6
model		: 30
model name	: Intel(R) Core(TM) i7 CPU       Q 720  @ 1.60GHz
stepping	: 5
microcode	: 0x3
cpu MHz		: 933.000
cache size	: 6144 KB
physical id	: 0
siblings	: 8
core id		: 0
cpu cores	: 4
apicid		: 0
initial apicid	: 0
fpu		: yes
fpu_exception	: yes
cpuid level	: 11
wp		: yes
flags		: fpu vme de pse tsc msr pae mce cx8 apic sep mtrr pge mca cmov pat pse36 clflush dts acpi mmx fxsr sse sse2 ss ht tm pbe syscall nx rdtscp lm constant_tsc arch_perfmon pebs bts rep_good nopl xtopology nonstop_tsc aperfmperf pni dtes64 monitor ds_cpl vmx smx est tm2 ssse3 cx16 xtpr pdcm sse4_1 sse4_2 popcnt lahf_lm ida dtherm tpr_shadow vnmi flexpriority ept vpid
bogomips	: 3192.17
clflush size	: 64
cache_alignment	: 64
address sizes	: 36 bits physical, 48 bits virtual
power management:

processor	: 1
vendor_id	: GenuineIntel
cpu family	: 6
model		: 30
model name	: Intel(R) Core(TM) i7 CPU       Q 720  @ 1.60GHz
stepping	: 5
microcode	: 0x3
cpu MHz		: 933.000
cache size	: 6144 KB
physical id	: 0
siblings	: 8
core id		: 1
cpu cores	: 4
apicid		: 2
initial apicid	: 2
fpu		: yes
fpu_exception	: yes
cpuid level	: 11
wp		: yes
flags		: fpu vme de pse tsc msr pae mce cx8 apic sep mtrr pge mca cmov pat pse36 clflush dts acpi mmx fxsr sse sse2 ss ht tm pbe syscall nx rdtscp lm constant_tsc arch_perfmon pebs bts rep_good nopl xtopology nonstop_tsc aperfmperf pni dtes64 monitor ds_cpl vmx smx est tm2 ssse3 cx16 xtpr pdcm sse4_1 sse4_2 popcnt lahf_lm ida dtherm tpr_shadow vnmi flexpriority ept vpid
bogomips	: 3192.17
clflush size	: 64
cache_alignment	: 64
address sizes	: 36 bits physical, 48 bits virtual
power management:

processor	: 2
vendor_id	: GenuineIntel
cpu family	: 6
model		: 30
model name	: Intel(R) Core(TM) i7 CPU       Q 720  @ 1.60GHz
stepping	: 5
microcode	: 0x3
cpu MHz		: 933.000
cache size	: 6144 KB
physical id	: 0
siblings	: 8
core id		: 2
cpu cores	: 4
apicid		: 4
initial apicid	: 4
fpu		: yes
fpu_exception	: yes
cpuid level	: 11
wp		: yes
flags		: fpu vme de pse tsc msr pae mce cx8 apic sep mtrr pge mca cmov pat pse36 clflush dts acpi mmx fxsr sse sse2 ss ht tm pbe syscall nx rdtscp lm constant_tsc arch_perfmon pebs bts rep_good nopl xtopology nonstop_tsc aperfmperf pni dtes64 monitor ds_cpl vmx smx est tm2 ssse3 cx16 xtpr pdcm sse4_1 sse4_2 popcnt lahf_lm ida dtherm tpr_shadow vnmi flexpriority ept vpid
bogomips	: 3192.17
clflush size	: 64
cache_alignment	: 64
address sizes	: 36 bits physical, 48 bits virtual
power management:

processor	: 3
vendor_id	: GenuineIntel
cpu family	: 6
model		: 30
model name	: Intel(R) Core(TM) i7 CPU       Q 720  @ 1.60GHz
stepping	: 5
microcode	: 0x3
cpu MHz		: 1600.000
cache size	: 6144 KB
physical id	: 0
siblings	: 8
core id		: 3
cpu cores	: 4
apicid		: 6
initial apicid	: 6
fpu		: yes
fpu_exception	: yes
cpuid level	: 11
wp		: yes
flags		: fpu vme de pse tsc msr pae mce cx8 apic sep mtrr pge mca cmov pat pse36 clflush dts acpi mmx fxsr sse sse2 ss ht tm pbe syscall nx rdtscp lm constant_tsc arch_perfmon pebs bts rep_good nopl xtopology nonstop_tsc aperfmperf pni dtes64 monitor ds_cpl vmx smx est tm2 ssse3 cx16 xtpr pdcm sse4_1 sse4_2 popcnt lahf_lm ida dtherm tpr_shadow vnmi flexpriority ept vpid
bogomips	: 3192.17
clflush size	: 64
cache_alignment	: 64
address sizes	: 36 bits physical, 48 bits virtual
power management:

processor	: 4
vendor_id	: GenuineIntel
cpu family	: 6
model		: 30
model name	: Intel(R) Core(TM) i7 CPU       Q 720  @ 1.60GHz
stepping	: 5
microcode	: 0x3
cpu MHz		: 933.000
cache size	: 6144 KB
physical id	: 0
siblings	: 8
core id		: 0
cpu cores	: 4
apicid		: 1
initial apicid	: 1
fpu		: yes
fpu_exception	: yes
cpuid level	: 11
wp		: yes
flags		: fpu vme de pse tsc msr pae mce cx8 apic sep mtrr pge mca cmov pat pse36 clflush dts acpi mmx fxsr sse sse2 ss ht tm pbe syscall nx rdtscp lm constant_tsc arch_perfmon pebs bts rep_good nopl xtopology nonstop_tsc aperfmperf pni dtes64 monitor ds_cpl vmx smx est tm2 ssse3 cx16 xtpr pdcm sse4_1 sse4_2 popcnt lahf_lm ida dtherm tpr_shadow vnmi flexpriority ept vpid
bogomips	: 3192.17
clflush size	: 64
cache_alignment	: 64
address sizes	: 36 bits physical, 48 bits virtual
power management:

processor	: 5
vendor_id	: GenuineIntel
cpu family	: 6
model		: 30
model name	: Intel(R) Core(TM) i7 CPU       Q 720  @ 1.60GHz
stepping	: 5
microcode	: 0x3
cpu MHz		: 933.000
cache size	: 6144 KB
physical id	: 0
siblings	: 8
core id		: 1
cpu cores	: 4
apicid		: 3
initial apicid	: 3
fpu		: yes
fpu_exception	: yes
cpuid level	: 11
wp		: yes
flags		: fpu vme de pse tsc msr pae mce cx8 apic sep mtrr pge mca cmov pat pse36 clflush dts acpi mmx fxsr sse sse2 ss ht tm pbe syscall nx rdtscp lm constant_tsc arch_perfmon pebs bts rep_good nopl xtopology nonstop_tsc aperfmperf pni dtes64 monitor ds_cpl vmx smx est tm2 ssse3 cx16 xtpr pdcm sse4_1 sse4_2 popcnt lahf_lm ida dtherm tpr_shadow vnmi flexpriority ept vpid
bogomips	: 3192.17
clflush size	: 64
cache_alignment	: 64
address sizes	: 36 bits physical, 48 bits virtual
power management:

processor	: 6
vendor_id	: GenuineIntel
cpu family	: 6
model		: 30
model name	: Intel(R) Core(TM) i7 CPU       Q 720  @ 1.60GHz
stepping	: 5
microcode	: 0x3
cpu MHz		: 933.000
cache size	: 6144 KB
physical id	: 0
siblings	: 8
core id		: 2
cpu cores	: 4
apicid		: 5
initial apicid	: 5
fpu		: yes
fpu_exception	: yes
cpuid level	: 11
wp		: yes
flags		: fpu vme de pse tsc msr pae mce cx8 apic sep mtrr pge mca cmov pat pse36 clflush dts acpi mmx fxsr sse sse2 ss ht tm pbe syscall nx rdtscp lm constant_tsc arch_perfmon pebs bts rep_good nopl xtopology nonstop_tsc aperfmperf pni dtes64 monitor ds_cpl vmx smx est tm2 ssse3 cx16 xtpr pdcm sse4_1 sse4_2 popcnt lahf_lm ida dtherm tpr_shadow vnmi flexpriority ept vpid
bogomips	: 3192.17
clflush size	: 64
cache_alignment	: 64
address sizes	: 36 bits physical, 48 bits virtual
power management:

processor	: 7
vendor_id	: GenuineIntel
cpu family	: 6
model		: 30
model name	: Intel(R) Core(TM) i7 CPU       Q 720  @ 1.60GHz
stepping	: 5
microcode	: 0x3
cpu MHz		: 1600.000
cache size	: 6144 KB
physical id	: 0
siblings	: 8
core id		: 3
cpu cores	: 4
apicid		: 7
initial apicid	: 7
fpu		: yes
fpu_exception	: yes
cpuid level	: 11
wp		: yes
flags		: fpu vme de pse tsc msr pae mce cx8 apic sep mtrr pge mca cmov pat pse36 clflush dts acpi mmx fxsr sse sse2 ss ht tm pbe syscall nx rdtscp lm constant_tsc arch_perfmon pebs bts rep_good nopl xtopology nonstop_tsc aperfmperf pni dtes64 monitor ds_cpl vmx smx est tm2 ssse3 cx16 xtpr pdcm sse4_1 sse4_2 popcnt lahf_lm ida dtherm tpr_shadow vnmi flexpriority ept vpid
bogomips	: 3192.17
clflush size	: 64
cache_alignment	: 64
address sizes	: 36 bits physical, 48 bits virtual
power management:



Memory: 4k page, physical 6094428k(1749760k free), swap 6270972k(6268560k free)

vm_info: Java HotSpot(TM) 64-Bit Server VM (24.51-b03) for linux-amd64 JRE (1.7.0_51-b13), built on Dec 18 2013 18:48:01 by "java_re" with gcc 4.3.0 20080428 (Red Hat 4.3.0-8)

time: Tue Mar  4 21:50:02 2014
elapsed time: 0 seconds

