#
# A fatal error has been detected by the Java Runtime Environment:
#
#  Internal Error (javaClasses.cpp:136), pid=14658, tid=140628767598336
#  fatal error: Invalid layout of preloaded class
#
# JRE version:  (7.0_51-b13) (build )
# Java VM: Java HotSpot(TM) 64-Bit Server VM (24.51-b03 mixed mode linux-amd64 compressed oops)
# Failed to write core dump. Core dumps have been disabled. To enable core dumping, try "ulimit -c unlimited" before starting Java again
#
# If you would like to submit a bug report, please visit:
#   http://bugreport.sun.com/bugreport/crash.jsp
#

---------------  T H R E A D  ---------------

Current thread (0x00007fe6a8009800):  JavaThread "Unknown thread" [_thread_in_vm, id=14660, stack(0x00007fe6aface000,0x00007fe6afbcf000)]

Stack: [0x00007fe6aface000,0x00007fe6afbcf000],  sp=0x00007fe6afbcd780,  free space=1021k
Native frames: (J=compiled Java code, j=interpreted, Vv=VM code, C=native code)
V  [libjvm.so+0x992f4a]  VMError::report_and_die()+0x2ea
V  [libjvm.so+0x493569]  report_fatal(char const*, int, char const*)+0x59
V  [libjvm.so+0x5fdce0]  compute_offset(int&, klassOopDesc*, Symbol*, Symbol*, bool)+0x140
V  [libjvm.so+0x5fe7f9]  java_lang_String::compute_offsets()+0x39
V  [libjvm.so+0x9191c5]  SystemDictionary::initialize_preloaded_classes(Thread*)+0x1a5
V  [libjvm.so+0x967f04]  Universe::genesis(Thread*)+0x494
V  [libjvm.so+0x9683b9]  universe2_init()+0x29
V  [libjvm.so+0x5a967d]  init_globals()+0xbd
V  [libjvm.so+0x94ef8d]  Threads::create_vm(JavaVMInitArgs*, bool*)+0x1ed
V  [libjvm.so+0x6307e4]  JNI_CreateJavaVM+0x74
C  [libjli.so+0x2f8e]  JavaMain+0x9e


---------------  P R O C E S S  ---------------

Java Threads: ( => current thread )

Other Threads:

=>0x00007fe6a8009800 (exited) JavaThread "Unknown thread" [_thread_in_vm, id=14660, stack(0x00007fe6aface000,0x00007fe6afbcf000)]

VM state:not at safepoint (not fully initialized)

VM Mutex/Monitor currently owned by a thread: None

GC Heap History (0 events):
No events

Deoptimization events (0 events):
No events

Internal exceptions (0 events):
No events

Events (10 events):
Event: 0.007 loading class 0x00007fe6a4c940d0
Event: 0.008 loading class 0x00007fe6a4c940d0 done
Event: 0.008 loading class 0x00007fe6a4c94110
Event: 0.008 loading class 0x00007fe6a4c946f0
Event: 0.008 loading class 0x00007fe6a4c946f0 done
Event: 0.008 loading class 0x00007fe6a4c9ae10
Event: 0.008 loading class 0x00007fe6a4c9ae10 done
Event: 0.009 loading class 0x00007fe6a4c94110 done
Event: 0.009 loading class 0x00007fe6a4c940f0
Event: 0.009 loading class 0x00007fe6a4c940f0 done


Dynamic libraries:
00400000-00401000 r-xp 00000000 08:06 924254                             /usr/local/java/jdk1.7.0_51/bin/java
00600000-00601000 rw-p 00000000 08:06 924254                             /usr/local/java/jdk1.7.0_51/bin/java
00d72000-00d93000 rw-p 00000000 00:00 0                                  [heap]
9de00000-9f300000 rw-p 00000000 00:00 0 
9f300000-a3000000 rw-p 00000000 00:00 0 
a3000000-a6e00000 rw-p 00000000 00:00 0 
a6e00000-e1000000 rw-p 00000000 00:00 0 
e1000000-e2f00000 rw-p 00000000 00:00 0 
e2f00000-100000000 rw-p 00000000 00:00 0 
7fe680000000-7fe680021000 rw-p 00000000 00:00 0 
7fe680021000-7fe684000000 ---p 00000000 00:00 0 
7fe684ef0000-7fe688000000 rw-p 00000000 00:00 0 
7fe688000000-7fe688021000 rw-p 00000000 00:00 0 
7fe688021000-7fe68c000000 ---p 00000000 00:00 0 
7fe68c000000-7fe68c021000 rw-p 00000000 00:00 0 
7fe68c021000-7fe690000000 ---p 00000000 00:00 0 
7fe690000000-7fe690021000 rw-p 00000000 00:00 0 
7fe690021000-7fe694000000 ---p 00000000 00:00 0 
7fe694000000-7fe694021000 rw-p 00000000 00:00 0 
7fe694021000-7fe698000000 ---p 00000000 00:00 0 
7fe698000000-7fe698021000 rw-p 00000000 00:00 0 
7fe698021000-7fe69c000000 ---p 00000000 00:00 0 
7fe69c000000-7fe69c021000 rw-p 00000000 00:00 0 
7fe69c021000-7fe6a0000000 ---p 00000000 00:00 0 
7fe6a0000000-7fe6a0021000 rw-p 00000000 00:00 0 
7fe6a0021000-7fe6a4000000 ---p 00000000 00:00 0 
7fe6a49d9000-7fe6a5000000 rw-p 00000000 00:00 0 
7fe6a5000000-7fe6a5270000 rwxp 00000000 00:00 0 
7fe6a5270000-7fe6a805b000 rw-p 00000000 00:00 0 
7fe6a805b000-7fe6ac000000 ---p 00000000 00:00 0 
7fe6ac055000-7fe6ac09c000 rw-p 00000000 00:00 0 
7fe6ac09c000-7fe6ac09d000 ---p 00000000 00:00 0 
7fe6ac09d000-7fe6ac19d000 rw-p 00000000 00:00 0                          [stack:14672]
7fe6ac19d000-7fe6ac19e000 ---p 00000000 00:00 0 
7fe6ac19e000-7fe6ac29e000 rw-p 00000000 00:00 0                          [stack:14671]
7fe6ac29e000-7fe6ac29f000 ---p 00000000 00:00 0 
7fe6ac29f000-7fe6ac39f000 rw-p 00000000 00:00 0                          [stack:14670]
7fe6ac39f000-7fe6ac3a0000 ---p 00000000 00:00 0 
7fe6ac3a0000-7fe6ac4a0000 rw-p 00000000 00:00 0                          [stack:14669]
7fe6ac4a0000-7fe6ac4a1000 ---p 00000000 00:00 0 
7fe6ac4a1000-7fe6ac5a1000 rw-p 00000000 00:00 0                          [stack:14668]
7fe6ac5a1000-7fe6ac5a2000 ---p 00000000 00:00 0 
7fe6ac5a2000-7fe6ac6a2000 rw-p 00000000 00:00 0                          [stack:14667]
7fe6ac6a2000-7fe6ac6a3000 ---p 00000000 00:00 0 
7fe6ac6a3000-7fe6ac7a3000 rw-p 00000000 00:00 0                          [stack:14666]
7fe6ac7a3000-7fe6ac7a4000 ---p 00000000 00:00 0 
7fe6ac7a4000-7fe6ac8af000 rw-p 00000000 00:00 0                          [stack:14663]
7fe6ac8af000-7fe6ac8cd000 rw-p 00000000 00:00 0 
7fe6ac8cd000-7fe6ac8ec000 rw-p 00000000 00:00 0 
7fe6ac8ec000-7fe6acabd000 rw-p 00000000 00:00 0 
7fe6acabd000-7fe6acac8000 rw-p 00000000 00:00 0 
7fe6acac8000-7fe6acae6000 rw-p 00000000 00:00 0 
7fe6acae6000-7fe6acb05000 rw-p 00000000 00:00 0 
7fe6acb05000-7fe6accd6000 rw-p 00000000 00:00 0 
7fe6accd6000-7fe6acce6000 rw-p 00000000 00:00 0 
7fe6acce6000-7fe6acdce000 rw-p 00000000 00:00 0 
7fe6acdce000-7fe6acdcf000 rw-p 00000000 00:00 0 
7fe6acdcf000-7fe6acde9000 r-xp 00000000 08:06 1578389                    /usr/local/java/jdk1.7.0_51/jre/lib/amd64/libzip.so
7fe6acde9000-7fe6acfe9000 ---p 0001a000 08:06 1578389                    /usr/local/java/jdk1.7.0_51/jre/lib/amd64/libzip.so
7fe6acfe9000-7fe6acfea000 rw-p 0001a000 08:06 1578389                    /usr/local/java/jdk1.7.0_51/jre/lib/amd64/libzip.so
7fe6acfea000-7fe6acff6000 r-xp 00000000 08:06 11538074                   /lib/x86_64-linux-gnu/libnss_files-2.17.so
7fe6acff6000-7fe6ad1f5000 ---p 0000c000 08:06 11538074                   /lib/x86_64-linux-gnu/libnss_files-2.17.so
7fe6ad1f5000-7fe6ad1f6000 r--p 0000b000 08:06 11538074                   /lib/x86_64-linux-gnu/libnss_files-2.17.so
7fe6ad1f6000-7fe6ad1f7000 rw-p 0000c000 08:06 11538074                   /lib/x86_64-linux-gnu/libnss_files-2.17.so
7fe6ad1f7000-7fe6ad202000 r-xp 00000000 08:06 11538062                   /lib/x86_64-linux-gnu/libnss_nis-2.17.so
7fe6ad202000-7fe6ad401000 ---p 0000b000 08:06 11538062                   /lib/x86_64-linux-gnu/libnss_nis-2.17.so
7fe6ad401000-7fe6ad402000 r--p 0000a000 08:06 11538062                   /lib/x86_64-linux-gnu/libnss_nis-2.17.so
7fe6ad402000-7fe6ad403000 rw-p 0000b000 08:06 11538062                   /lib/x86_64-linux-gnu/libnss_nis-2.17.so
7fe6ad403000-7fe6ad41a000 r-xp 00000000 08:06 11535148                   /lib/x86_64-linux-gnu/libnsl-2.17.so
7fe6ad41a000-7fe6ad619000 ---p 00017000 08:06 11535148                   /lib/x86_64-linux-gnu/libnsl-2.17.so
7fe6ad619000-7fe6ad61a000 r--p 00016000 08:06 11535148                   /lib/x86_64-linux-gnu/libnsl-2.17.so
7fe6ad61a000-7fe6ad61b000 rw-p 00017000 08:06 11535148                   /lib/x86_64-linux-gnu/libnsl-2.17.so
7fe6ad61b000-7fe6ad61d000 rw-p 00000000 00:00 0 
7fe6ad61d000-7fe6ad625000 r-xp 00000000 08:06 11538007                   /lib/x86_64-linux-gnu/libnss_compat-2.17.so
7fe6ad625000-7fe6ad824000 ---p 00008000 08:06 11538007                   /lib/x86_64-linux-gnu/libnss_compat-2.17.so
7fe6ad824000-7fe6ad825000 r--p 00007000 08:06 11538007                   /lib/x86_64-linux-gnu/libnss_compat-2.17.so
7fe6ad825000-7fe6ad826000 rw-p 00008000 08:06 11538007                   /lib/x86_64-linux-gnu/libnss_compat-2.17.so
7fe6ad826000-7fe6ad84f000 r-xp 00000000 08:06 1578373                    /usr/local/java/jdk1.7.0_51/jre/lib/amd64/libjava.so
7fe6ad84f000-7fe6ada4f000 ---p 00029000 08:06 1578373                    /usr/local/java/jdk1.7.0_51/jre/lib/amd64/libjava.so
7fe6ada4f000-7fe6ada51000 rw-p 00029000 08:06 1578373                    /usr/local/java/jdk1.7.0_51/jre/lib/amd64/libjava.so
7fe6ada51000-7fe6ada5e000 r-xp 00000000 08:06 1578371                    /usr/local/java/jdk1.7.0_51/jre/lib/amd64/libverify.so
7fe6ada5e000-7fe6adc5d000 ---p 0000d000 08:06 1578371                    /usr/local/java/jdk1.7.0_51/jre/lib/amd64/libverify.so
7fe6adc5d000-7fe6adc5f000 rw-p 0000c000 08:06 1578371                    /usr/local/java/jdk1.7.0_51/jre/lib/amd64/libverify.so
7fe6adc5f000-7fe6adc66000 r-xp 00000000 08:06 11538078                   /lib/x86_64-linux-gnu/librt-2.17.so
7fe6adc66000-7fe6ade65000 ---p 00007000 08:06 11538078                   /lib/x86_64-linux-gnu/librt-2.17.so
7fe6ade65000-7fe6ade66000 r--p 00006000 08:06 11538078                   /lib/x86_64-linux-gnu/librt-2.17.so
7fe6ade66000-7fe6ade67000 rw-p 00007000 08:06 11538078                   /lib/x86_64-linux-gnu/librt-2.17.so
7fe6ade67000-7fe6adf6a000 r-xp 00000000 08:06 11538020                   /lib/x86_64-linux-gnu/libm-2.17.so
7fe6adf6a000-7fe6ae169000 ---p 00103000 08:06 11538020                   /lib/x86_64-linux-gnu/libm-2.17.so
7fe6ae169000-7fe6ae16a000 r--p 00102000 08:06 11538020                   /lib/x86_64-linux-gnu/libm-2.17.so
7fe6ae16a000-7fe6ae16b000 rw-p 00103000 08:06 11538020                   /lib/x86_64-linux-gnu/libm-2.17.so
7fe6ae16b000-7fe6aeccd000 r-xp 00000000 08:06 1578379                    /usr/local/java/jdk1.7.0_51/jre/lib/amd64/server/libjvm.so
7fe6aeccd000-7fe6aeecd000 ---p 00b62000 08:06 1578379                    /usr/local/java/jdk1.7.0_51/jre/lib/amd64/server/libjvm.so
7fe6aeecd000-7fe6aef90000 rw-p 00b62000 08:06 1578379                    /usr/local/java/jdk1.7.0_51/jre/lib/amd64/server/libjvm.so
7fe6aef90000-7fe6aefd1000 rw-p 00000000 00:00 0 
7fe6aefd1000-7fe6af18e000 r-xp 00000000 08:06 11538131                   /lib/x86_64-linux-gnu/libc-2.17.so
7fe6af18e000-7fe6af38e000 ---p 001bd000 08:06 11538131                   /lib/x86_64-linux-gnu/libc-2.17.so
7fe6af38e000-7fe6af392000 r--p 001bd000 08:06 11538131                   /lib/x86_64-linux-gnu/libc-2.17.so
7fe6af392000-7fe6af394000 rw-p 001c1000 08:06 11538131                   /lib/x86_64-linux-gnu/libc-2.17.so
7fe6af394000-7fe6af399000 rw-p 00000000 00:00 0 
7fe6af399000-7fe6af39c000 r-xp 00000000 08:06 11538153                   /lib/x86_64-linux-gnu/libdl-2.17.so
7fe6af39c000-7fe6af59b000 ---p 00003000 08:06 11538153                   /lib/x86_64-linux-gnu/libdl-2.17.so
7fe6af59b000-7fe6af59c000 r--p 00002000 08:06 11538153                   /lib/x86_64-linux-gnu/libdl-2.17.so
7fe6af59c000-7fe6af59d000 rw-p 00003000 08:06 11538153                   /lib/x86_64-linux-gnu/libdl-2.17.so
7fe6af59d000-7fe6af5b3000 r-xp 00000000 08:06 928774                     /usr/local/java/jdk1.7.0_51/lib/amd64/jli/libjli.so
7fe6af5b3000-7fe6af7b3000 ---p 00016000 08:06 928774                     /usr/local/java/jdk1.7.0_51/lib/amd64/jli/libjli.so
7fe6af7b3000-7fe6af7b4000 rw-p 00016000 08:06 928774                     /usr/local/java/jdk1.7.0_51/lib/amd64/jli/libjli.so
7fe6af7b4000-7fe6af7cb000 r-xp 00000000 08:06 11538154                   /lib/x86_64-linux-gnu/libpthread-2.17.so
7fe6af7cb000-7fe6af9cb000 ---p 00017000 08:06 11538154                   /lib/x86_64-linux-gnu/libpthread-2.17.so
7fe6af9cb000-7fe6af9cc000 r--p 00017000 08:06 11538154                   /lib/x86_64-linux-gnu/libpthread-2.17.so
7fe6af9cc000-7fe6af9cd000 rw-p 00018000 08:06 11538154                   /lib/x86_64-linux-gnu/libpthread-2.17.so
7fe6af9cd000-7fe6af9d1000 rw-p 00000000 00:00 0 
7fe6af9d1000-7fe6af9f4000 r-xp 00000000 08:06 11538030                   /lib/x86_64-linux-gnu/ld-2.17.so
7fe6afa0e000-7fe6afa18000 rw-p 00000000 00:00 0 
7fe6afa18000-7fe6aface000 rw-p 00000000 00:00 0 
7fe6aface000-7fe6afad1000 ---p 00000000 00:00 0 
7fe6afad1000-7fe6afbd3000 rw-p 00000000 00:00 0                          [stack:14660]
7fe6afbd5000-7fe6afbd7000 rw-p 00000000 00:00 0 
7fe6afbd7000-7fe6afbe7000 r--s 000bf000 08:06 7870508                    /home/amirsaber/Desktop/WorkSpace/leJOS_NXJ_0.9.1beta-3/lib/nxt/classes.jar
7fe6afbe7000-7fe6afbef000 rw-s 00000000 08:06 12721487                   /tmp/hsperfdata_amirsaber/14658
7fe6afbef000-7fe6afbf0000 rw-p 00000000 00:00 0 
7fe6afbf0000-7fe6afbf1000 r--p 00000000 00:00 0 
7fe6afbf1000-7fe6afbf3000 rw-p 00000000 00:00 0 
7fe6afbf3000-7fe6afbf4000 r--p 00022000 08:06 11538030                   /lib/x86_64-linux-gnu/ld-2.17.so
7fe6afbf4000-7fe6afbf6000 rw-p 00023000 08:06 11538030                   /lib/x86_64-linux-gnu/ld-2.17.so
7fff5d552000-7fff5d573000 rw-p 00000000 00:00 0                          [stack]
7fff5d5fe000-7fff5d600000 r-xp 00000000 00:00 0                          [vdso]
ffffffffff600000-ffffffffff601000 r-xp 00000000 00:00 0                  [vsyscall]

VM Arguments:
jvm_args: -Dfile.encoding=UTF-8 -Xbootclasspath:/home/amirsaber/Desktop/WorkSpace/leJOS_NXJ_0.9.1beta-3/lib/nxt/classes.jar 
java_command: com.sputnik.Sputnik_Tester
Launcher Type: SUN_STANDARD

Environment Variables:
JAVA_HOME=/usr/local/java/jdk1.7.0_51
JRE_HOME=/usr/local/java/jdk1.7.0_51/jre
PATH=/usr/lib/lightdm/lightdm:/usr/local/sbin:/usr/local/bin:/usr/sbin:/usr/bin:/sbin:/bin:/usr/games:/usr/local/games:/home/amirsaber/bin:/usr/local/java/jdk1.7.0_51/bin:/home/amirsaber/bin:/usr/local/java/jdk1.7.0_51/jre/bin
SHELL=/bin/bash
DISPLAY=:0.0

Signal Handlers:
SIGSEGV: [libjvm.so+0x993870], sa_mask[0]=0x7ffbfeff, sa_flags=0x10000004
SIGBUS: [libjvm.so+0x993870], sa_mask[0]=0x7ffbfeff, sa_flags=0x10000004
SIGFPE: [libjvm.so+0x8105b0], sa_mask[0]=0x7ffbfeff, sa_flags=0x10000004
SIGPIPE: [libjvm.so+0x8105b0], sa_mask[0]=0x7ffbfeff, sa_flags=0x10000004
SIGXFSZ: [libjvm.so+0x8105b0], sa_mask[0]=0x7ffbfeff, sa_flags=0x10000004
SIGILL: [libjvm.so+0x8105b0], sa_mask[0]=0x7ffbfeff, sa_flags=0x10000004
SIGUSR1: SIG_DFL, sa_mask[0]=0x00000000, sa_flags=0x00000000
SIGUSR2: [libjvm.so+0x811aa0], sa_mask[0]=0x00000004, sa_flags=0x10000004
SIGHUP: SIG_DFL, sa_mask[0]=0x00000000, sa_flags=0x00000000
SIGINT: SIG_DFL, sa_mask[0]=0x00000000, sa_flags=0x00000000
SIGTERM: SIG_DFL, sa_mask[0]=0x00000000, sa_flags=0x00000000
SIGQUIT: SIG_DFL, sa_mask[0]=0x00000000, sa_flags=0x00000000


---------------  S Y S T E M  ---------------

OS:wheezy/sid

uname:Linux 3.11.0-15-generic #25-Ubuntu SMP Thu Jan 30 17:22:01 UTC 2014 x86_64
libc:glibc 2.17 NPTL 2.17 
rlimit: STACK 8192k, CORE 0k, NPROC 47454, NOFILE 4096, AS infinity
load average:0.64 0.40 0.41

/proc/meminfo:
MemTotal:        6094428 kB
MemFree:         1823964 kB
Buffers:          324552 kB
Cached:          1218196 kB
SwapCached:         1388 kB
Active:          2598184 kB
Inactive:        1174300 kB
Active(anon):    1817848 kB
Inactive(anon):   447076 kB
Active(file):     780336 kB
Inactive(file):   727224 kB
Unevictable:          48 kB
Mlocked:              48 kB
SwapTotal:       6270972 kB
SwapFree:        6268560 kB
Dirty:               228 kB
Writeback:             0 kB
AnonPages:       2228600 kB
Mapped:           242900 kB
Shmem:             35272 kB
Slab:             320776 kB
SReclaimable:     272044 kB
SUnreclaim:        48732 kB
KernelStack:        6024 kB
PageTables:        47424 kB
NFS_Unstable:          0 kB
Bounce:                0 kB
WritebackTmp:          0 kB
CommitLimit:     9318184 kB
Committed_AS:    7173512 kB
VmallocTotal:   34359738367 kB
VmallocUsed:      123488 kB
VmallocChunk:   34359610876 kB
HardwareCorrupted:     0 kB
AnonHugePages:         0 kB
HugePages_Total:       0
HugePages_Free:        0
HugePages_Rsvd:        0
HugePages_Surp:        0
Hugepagesize:       2048 kB
DirectMap4k:      299476 kB
DirectMap2M:     5974016 kB


CPU:total 8 (4 cores per cpu, 2 threads per core) family 6 model 30 stepping 5, cmov, cx8, fxsr, mmx, sse, sse2, sse3, ssse3, sse4.1, sse4.2, popcnt, ht, tsc, tscinvbit

/proc/cpuinfo:
processor	: 0
vendor_id	: GenuineIntel
cpu family	: 6
model		: 30
model name	: Intel(R) Core(TM) i7 CPU       Q 720  @ 1.60GHz
stepping	: 5
microcode	: 0x3
cpu MHz		: 933.000
cache size	: 6144 KB
physical id	: 0
siblings	: 8
core id		: 0
cpu cores	: 4
apicid		: 0
initial apicid	: 0
fpu		: yes
fpu_exception	: yes
cpuid level	: 11
wp		: yes
flags		: fpu vme de pse tsc msr pae mce cx8 apic sep mtrr pge mca cmov pat pse36 clflush dts acpi mmx fxsr sse sse2 ss ht tm pbe syscall nx rdtscp lm constant_tsc arch_perfmon pebs bts rep_good nopl xtopology nonstop_tsc aperfmperf pni dtes64 monitor ds_cpl vmx smx est tm2 ssse3 cx16 xtpr pdcm sse4_1 sse4_2 popcnt lahf_lm ida dtherm tpr_shadow vnmi flexpriority ept vpid
bogomips	: 3192.17
clflush size	: 64
cache_alignment	: 64
address sizes	: 36 bits physical, 48 bits virtual
power management:

processor	: 1
vendor_id	: GenuineIntel
cpu family	: 6
model		: 30
model name	: Intel(R) Core(TM) i7 CPU       Q 720  @ 1.60GHz
stepping	: 5
microcode	: 0x3
cpu MHz		: 933.000
cache size	: 6144 KB
physical id	: 0
siblings	: 8
core id		: 1
cpu cores	: 4
apicid		: 2
initial apicid	: 2
fpu		: yes
fpu_exception	: yes
cpuid level	: 11
wp		: yes
flags		: fpu vme de pse tsc msr pae mce cx8 apic sep mtrr pge mca cmov pat pse36 clflush dts acpi mmx fxsr sse sse2 ss ht tm pbe syscall nx rdtscp lm constant_tsc arch_perfmon pebs bts rep_good nopl xtopology nonstop_tsc aperfmperf pni dtes64 monitor ds_cpl vmx smx est tm2 ssse3 cx16 xtpr pdcm sse4_1 sse4_2 popcnt lahf_lm ida dtherm tpr_shadow vnmi flexpriority ept vpid
bogomips	: 3192.17
clflush size	: 64
cache_alignment	: 64
address sizes	: 36 bits physical, 48 bits virtual
power management:

processor	: 2
vendor_id	: GenuineIntel
cpu family	: 6
model		: 30
model name	: Intel(R) Core(TM) i7 CPU       Q 720  @ 1.60GHz
stepping	: 5
microcode	: 0x3
cpu MHz		: 933.000
cache size	: 6144 KB
physical id	: 0
siblings	: 8
core id		: 2
cpu cores	: 4
apicid		: 4
initial apicid	: 4
fpu		: yes
fpu_exception	: yes
cpuid level	: 11
wp		: yes
flags		: fpu vme de pse tsc msr pae mce cx8 apic sep mtrr pge mca cmov pat pse36 clflush dts acpi mmx fxsr sse sse2 ss ht tm pbe syscall nx rdtscp lm constant_tsc arch_perfmon pebs bts rep_good nopl xtopology nonstop_tsc aperfmperf pni dtes64 monitor ds_cpl vmx smx est tm2 ssse3 cx16 xtpr pdcm sse4_1 sse4_2 popcnt lahf_lm ida dtherm tpr_shadow vnmi flexpriority ept vpid
bogomips	: 3192.17
clflush size	: 64
cache_alignment	: 64
address sizes	: 36 bits physical, 48 bits virtual
power management:

processor	: 3
vendor_id	: GenuineIntel
cpu family	: 6
model		: 30
model name	: Intel(R) Core(TM) i7 CPU       Q 720  @ 1.60GHz
stepping	: 5
microcode	: 0x3
cpu MHz		: 1600.000
cache size	: 6144 KB
physical id	: 0
siblings	: 8
core id		: 3
cpu cores	: 4
apicid		: 6
initial apicid	: 6
fpu		: yes
fpu_exception	: yes
cpuid level	: 11
wp		: yes
flags		: fpu vme de pse tsc msr pae mce cx8 apic sep mtrr pge mca cmov pat pse36 clflush dts acpi mmx fxsr sse sse2 ss ht tm pbe syscall nx rdtscp lm constant_tsc arch_perfmon pebs bts rep_good nopl xtopology nonstop_tsc aperfmperf pni dtes64 monitor ds_cpl vmx smx est tm2 ssse3 cx16 xtpr pdcm sse4_1 sse4_2 popcnt lahf_lm ida dtherm tpr_shadow vnmi flexpriority ept vpid
bogomips	: 3192.17
clflush size	: 64
cache_alignment	: 64
address sizes	: 36 bits physical, 48 bits virtual
power management:

processor	: 4
vendor_id	: GenuineIntel
cpu family	: 6
model		: 30
model name	: Intel(R) Core(TM) i7 CPU       Q 720  @ 1.60GHz
stepping	: 5
microcode	: 0x3
cpu MHz		: 933.000
cache size	: 6144 KB
physical id	: 0
siblings	: 8
core id		: 0
cpu cores	: 4
apicid		: 1
initial apicid	: 1
fpu		: yes
fpu_exception	: yes
cpuid level	: 11
wp		: yes
flags		: fpu vme de pse tsc msr pae mce cx8 apic sep mtrr pge mca cmov pat pse36 clflush dts acpi mmx fxsr sse sse2 ss ht tm pbe syscall nx rdtscp lm constant_tsc arch_perfmon pebs bts rep_good nopl xtopology nonstop_tsc aperfmperf pni dtes64 monitor ds_cpl vmx smx est tm2 ssse3 cx16 xtpr pdcm sse4_1 sse4_2 popcnt lahf_lm ida dtherm tpr_shadow vnmi flexpriority ept vpid
bogomips	: 3192.17
clflush size	: 64
cache_alignment	: 64
address sizes	: 36 bits physical, 48 bits virtual
power management:

processor	: 5
vendor_id	: GenuineIntel
cpu family	: 6
model		: 30
model name	: Intel(R) Core(TM) i7 CPU       Q 720  @ 1.60GHz
stepping	: 5
microcode	: 0x3
cpu MHz		: 933.000
cache size	: 6144 KB
physical id	: 0
siblings	: 8
core id		: 1
cpu cores	: 4
apicid		: 3
initial apicid	: 3
fpu		: yes
fpu_exception	: yes
cpuid level	: 11
wp		: yes
flags		: fpu vme de pse tsc msr pae mce cx8 apic sep mtrr pge mca cmov pat pse36 clflush dts acpi mmx fxsr sse sse2 ss ht tm pbe syscall nx rdtscp lm constant_tsc arch_perfmon pebs bts rep_good nopl xtopology nonstop_tsc aperfmperf pni dtes64 monitor ds_cpl vmx smx est tm2 ssse3 cx16 xtpr pdcm sse4_1 sse4_2 popcnt lahf_lm ida dtherm tpr_shadow vnmi flexpriority ept vpid
bogomips	: 3192.17
clflush size	: 64
cache_alignment	: 64
address sizes	: 36 bits physical, 48 bits virtual
power management:

processor	: 6
vendor_id	: GenuineIntel
cpu family	: 6
model		: 30
model name	: Intel(R) Core(TM) i7 CPU       Q 720  @ 1.60GHz
stepping	: 5
microcode	: 0x3
cpu MHz		: 1600.000
cache size	: 6144 KB
physical id	: 0
siblings	: 8
core id		: 2
cpu cores	: 4
apicid		: 5
initial apicid	: 5
fpu		: yes
fpu_exception	: yes
cpuid level	: 11
wp		: yes
flags		: fpu vme de pse tsc msr pae mce cx8 apic sep mtrr pge mca cmov pat pse36 clflush dts acpi mmx fxsr sse sse2 ss ht tm pbe syscall nx rdtscp lm constant_tsc arch_perfmon pebs bts rep_good nopl xtopology nonstop_tsc aperfmperf pni dtes64 monitor ds_cpl vmx smx est tm2 ssse3 cx16 xtpr pdcm sse4_1 sse4_2 popcnt lahf_lm ida dtherm tpr_shadow vnmi flexpriority ept vpid
bogomips	: 3192.17
clflush size	: 64
cache_alignment	: 64
address sizes	: 36 bits physical, 48 bits virtual
power management:

processor	: 7
vendor_id	: GenuineIntel
cpu family	: 6
model		: 30
model name	: Intel(R) Core(TM) i7 CPU       Q 720  @ 1.60GHz
stepping	: 5
microcode	: 0x3
cpu MHz		: 933.000
cache size	: 6144 KB
physical id	: 0
siblings	: 8
core id		: 3
cpu cores	: 4
apicid		: 7
initial apicid	: 7
fpu		: yes
fpu_exception	: yes
cpuid level	: 11
wp		: yes
flags		: fpu vme de pse tsc msr pae mce cx8 apic sep mtrr pge mca cmov pat pse36 clflush dts acpi mmx fxsr sse sse2 ss ht tm pbe syscall nx rdtscp lm constant_tsc arch_perfmon pebs bts rep_good nopl xtopology nonstop_tsc aperfmperf pni dtes64 monitor ds_cpl vmx smx est tm2 ssse3 cx16 xtpr pdcm sse4_1 sse4_2 popcnt lahf_lm ida dtherm tpr_shadow vnmi flexpriority ept vpid
bogomips	: 3192.17
clflush size	: 64
cache_alignment	: 64
address sizes	: 36 bits physical, 48 bits virtual
power management:



Memory: 4k page, physical 6094428k(1823964k free), swap 6270972k(6268560k free)

vm_info: Java HotSpot(TM) 64-Bit Server VM (24.51-b03) for linux-amd64 JRE (1.7.0_51-b13), built on Dec 18 2013 18:48:01 by "java_re" with gcc 4.3.0 20080428 (Red Hat 4.3.0-8)

time: Tue Mar  4 21:19:48 2014
elapsed time: 0 seconds

