#
# A fatal error has been detected by the Java Runtime Environment:
#
#  Internal Error (javaClasses.cpp:136), pid=15273, tid=139786717685504
#  fatal error: Invalid layout of preloaded class
#
# JRE version:  (7.0_51-b13) (build )
# Java VM: Java HotSpot(TM) 64-Bit Server VM (24.51-b03 mixed mode linux-amd64 compressed oops)
# Failed to write core dump. Core dumps have been disabled. To enable core dumping, try "ulimit -c unlimited" before starting Java again
#
# If you would like to submit a bug report, please visit:
#   http://bugreport.sun.com/bugreport/crash.jsp
#

---------------  T H R E A D  ---------------

Current thread (0x00007f2298009800):  JavaThread "Unknown thread" [_thread_in_vm, id=15275, stack(0x00007f22a196e000,0x00007f22a1a6f000)]

Stack: [0x00007f22a196e000,0x00007f22a1a6f000],  sp=0x00007f22a1a6d780,  free space=1021k
Native frames: (J=compiled Java code, j=interpreted, Vv=VM code, C=native code)
V  [libjvm.so+0x992f4a]  VMError::report_and_die()+0x2ea
V  [libjvm.so+0x493569]  report_fatal(char const*, int, char const*)+0x59
V  [libjvm.so+0x5fdce0]  compute_offset(int&, klassOopDesc*, Symbol*, Symbol*, bool)+0x140
V  [libjvm.so+0x5fe7f9]  java_lang_String::compute_offsets()+0x39
V  [libjvm.so+0x9191c5]  SystemDictionary::initialize_preloaded_classes(Thread*)+0x1a5
V  [libjvm.so+0x967f04]  Universe::genesis(Thread*)+0x494
V  [libjvm.so+0x9683b9]  universe2_init()+0x29
V  [libjvm.so+0x5a967d]  init_globals()+0xbd
V  [libjvm.so+0x94ef8d]  Threads::create_vm(JavaVMInitArgs*, bool*)+0x1ed
V  [libjvm.so+0x6307e4]  JNI_CreateJavaVM+0x74
C  [libjli.so+0x2f8e]  JavaMain+0x9e


---------------  P R O C E S S  ---------------

Java Threads: ( => current thread )

Other Threads:

=>0x00007f2298009800 (exited) JavaThread "Unknown thread" [_thread_in_vm, id=15275, stack(0x00007f22a196e000,0x00007f22a1a6f000)]

VM state:not at safepoint (not fully initialized)

VM Mutex/Monitor currently owned by a thread: None

GC Heap History (0 events):
No events

Deoptimization events (0 events):
No events

Internal exceptions (0 events):
No events

Events (10 events):
Event: 0.008 loading class 0x00007f229db890d0
Event: 0.009 loading class 0x00007f229db890d0 done
Event: 0.009 loading class 0x00007f229db89110
Event: 0.009 loading class 0x00007f229db896f0
Event: 0.009 loading class 0x00007f229db896f0 done
Event: 0.009 loading class 0x00007f229db8fe10
Event: 0.009 loading class 0x00007f229db8fe10 done
Event: 0.009 loading class 0x00007f229db89110 done
Event: 0.009 loading class 0x00007f229db890f0
Event: 0.009 loading class 0x00007f229db890f0 done


Dynamic libraries:
00400000-00401000 r-xp 00000000 08:06 924254                             /usr/local/java/jdk1.7.0_51/bin/java
00600000-00601000 rw-p 00000000 08:06 924254                             /usr/local/java/jdk1.7.0_51/bin/java
00a0a000-00a2b000 rw-p 00000000 00:00 0                                  [heap]
9de00000-9f300000 rw-p 00000000 00:00 0 
9f300000-a3000000 rw-p 00000000 00:00 0 
a3000000-a6e00000 rw-p 00000000 00:00 0 
a6e00000-e1000000 rw-p 00000000 00:00 0 
e1000000-e2f00000 rw-p 00000000 00:00 0 
e2f00000-100000000 rw-p 00000000 00:00 0 
7f2270ef0000-7f2274000000 rw-p 00000000 00:00 0 
7f2274000000-7f2274021000 rw-p 00000000 00:00 0 
7f2274021000-7f2278000000 ---p 00000000 00:00 0 
7f2278000000-7f2278021000 rw-p 00000000 00:00 0 
7f2278021000-7f227c000000 ---p 00000000 00:00 0 
7f227c000000-7f227c021000 rw-p 00000000 00:00 0 
7f227c021000-7f2280000000 ---p 00000000 00:00 0 
7f2280000000-7f2280021000 rw-p 00000000 00:00 0 
7f2280021000-7f2284000000 ---p 00000000 00:00 0 
7f2284000000-7f2284021000 rw-p 00000000 00:00 0 
7f2284021000-7f2288000000 ---p 00000000 00:00 0 
7f2288000000-7f2288021000 rw-p 00000000 00:00 0 
7f2288021000-7f228c000000 ---p 00000000 00:00 0 
7f228c000000-7f228c021000 rw-p 00000000 00:00 0 
7f228c021000-7f2290000000 ---p 00000000 00:00 0 
7f2290000000-7f2290021000 rw-p 00000000 00:00 0 
7f2290021000-7f2294000000 ---p 00000000 00:00 0 
7f2295000000-7f2295270000 rwxp 00000000 00:00 0 
7f2295270000-7f229805b000 rw-p 00000000 00:00 0 
7f229805b000-7f229c000000 ---p 00000000 00:00 0 
7f229d8ce000-7f229df3c000 rw-p 00000000 00:00 0 
7f229df3c000-7f229df3d000 ---p 00000000 00:00 0 
7f229df3d000-7f229e03d000 rw-p 00000000 00:00 0                          [stack:15283]
7f229e03d000-7f229e03e000 ---p 00000000 00:00 0 
7f229e03e000-7f229e13e000 rw-p 00000000 00:00 0                          [stack:15282]
7f229e13e000-7f229e13f000 ---p 00000000 00:00 0 
7f229e13f000-7f229e23f000 rw-p 00000000 00:00 0                          [stack:15281]
7f229e23f000-7f229e240000 ---p 00000000 00:00 0 
7f229e240000-7f229e340000 rw-p 00000000 00:00 0                          [stack:15280]
7f229e340000-7f229e341000 ---p 00000000 00:00 0 
7f229e341000-7f229e441000 rw-p 00000000 00:00 0                          [stack:15279]
7f229e441000-7f229e442000 ---p 00000000 00:00 0 
7f229e442000-7f229e542000 rw-p 00000000 00:00 0                          [stack:15278]
7f229e542000-7f229e543000 ---p 00000000 00:00 0 
7f229e543000-7f229e643000 rw-p 00000000 00:00 0                          [stack:15277]
7f229e643000-7f229e644000 ---p 00000000 00:00 0 
7f229e644000-7f229e74f000 rw-p 00000000 00:00 0                          [stack:15276]
7f229e74f000-7f229e76d000 rw-p 00000000 00:00 0 
7f229e76d000-7f229e78c000 rw-p 00000000 00:00 0 
7f229e78c000-7f229e95d000 rw-p 00000000 00:00 0 
7f229e95d000-7f229e968000 rw-p 00000000 00:00 0 
7f229e968000-7f229e986000 rw-p 00000000 00:00 0 
7f229e986000-7f229e9a5000 rw-p 00000000 00:00 0 
7f229e9a5000-7f229eb76000 rw-p 00000000 00:00 0 
7f229eb76000-7f229eb86000 rw-p 00000000 00:00 0 
7f229eb86000-7f229ec6e000 rw-p 00000000 00:00 0 
7f229ec6e000-7f229ec6f000 rw-p 00000000 00:00 0 
7f229ec6f000-7f229ec89000 r-xp 00000000 08:06 1578389                    /usr/local/java/jdk1.7.0_51/jre/lib/amd64/libzip.so
7f229ec89000-7f229ee89000 ---p 0001a000 08:06 1578389                    /usr/local/java/jdk1.7.0_51/jre/lib/amd64/libzip.so
7f229ee89000-7f229ee8a000 rw-p 0001a000 08:06 1578389                    /usr/local/java/jdk1.7.0_51/jre/lib/amd64/libzip.so
7f229ee8a000-7f229ee96000 r-xp 00000000 08:06 11538074                   /lib/x86_64-linux-gnu/libnss_files-2.17.so
7f229ee96000-7f229f095000 ---p 0000c000 08:06 11538074                   /lib/x86_64-linux-gnu/libnss_files-2.17.so
7f229f095000-7f229f096000 r--p 0000b000 08:06 11538074                   /lib/x86_64-linux-gnu/libnss_files-2.17.so
7f229f096000-7f229f097000 rw-p 0000c000 08:06 11538074                   /lib/x86_64-linux-gnu/libnss_files-2.17.so
7f229f097000-7f229f0a2000 r-xp 00000000 08:06 11538062                   /lib/x86_64-linux-gnu/libnss_nis-2.17.so
7f229f0a2000-7f229f2a1000 ---p 0000b000 08:06 11538062                   /lib/x86_64-linux-gnu/libnss_nis-2.17.so
7f229f2a1000-7f229f2a2000 r--p 0000a000 08:06 11538062                   /lib/x86_64-linux-gnu/libnss_nis-2.17.so
7f229f2a2000-7f229f2a3000 rw-p 0000b000 08:06 11538062                   /lib/x86_64-linux-gnu/libnss_nis-2.17.so
7f229f2a3000-7f229f2ba000 r-xp 00000000 08:06 11535148                   /lib/x86_64-linux-gnu/libnsl-2.17.so
7f229f2ba000-7f229f4b9000 ---p 00017000 08:06 11535148                   /lib/x86_64-linux-gnu/libnsl-2.17.so
7f229f4b9000-7f229f4ba000 r--p 00016000 08:06 11535148                   /lib/x86_64-linux-gnu/libnsl-2.17.so
7f229f4ba000-7f229f4bb000 rw-p 00017000 08:06 11535148                   /lib/x86_64-linux-gnu/libnsl-2.17.so
7f229f4bb000-7f229f4bd000 rw-p 00000000 00:00 0 
7f229f4bd000-7f229f4c5000 r-xp 00000000 08:06 11538007                   /lib/x86_64-linux-gnu/libnss_compat-2.17.so
7f229f4c5000-7f229f6c4000 ---p 00008000 08:06 11538007                   /lib/x86_64-linux-gnu/libnss_compat-2.17.so
7f229f6c4000-7f229f6c5000 r--p 00007000 08:06 11538007                   /lib/x86_64-linux-gnu/libnss_compat-2.17.so
7f229f6c5000-7f229f6c6000 rw-p 00008000 08:06 11538007                   /lib/x86_64-linux-gnu/libnss_compat-2.17.so
7f229f6c6000-7f229f6ef000 r-xp 00000000 08:06 1578373                    /usr/local/java/jdk1.7.0_51/jre/lib/amd64/libjava.so
7f229f6ef000-7f229f8ef000 ---p 00029000 08:06 1578373                    /usr/local/java/jdk1.7.0_51/jre/lib/amd64/libjava.so
7f229f8ef000-7f229f8f1000 rw-p 00029000 08:06 1578373                    /usr/local/java/jdk1.7.0_51/jre/lib/amd64/libjava.so
7f229f8f1000-7f229f8fe000 r-xp 00000000 08:06 1578371                    /usr/local/java/jdk1.7.0_51/jre/lib/amd64/libverify.so
7f229f8fe000-7f229fafd000 ---p 0000d000 08:06 1578371                    /usr/local/java/jdk1.7.0_51/jre/lib/amd64/libverify.so
7f229fafd000-7f229faff000 rw-p 0000c000 08:06 1578371                    /usr/local/java/jdk1.7.0_51/jre/lib/amd64/libverify.so
7f229faff000-7f229fb06000 r-xp 00000000 08:06 11538078                   /lib/x86_64-linux-gnu/librt-2.17.so
7f229fb06000-7f229fd05000 ---p 00007000 08:06 11538078                   /lib/x86_64-linux-gnu/librt-2.17.so
7f229fd05000-7f229fd06000 r--p 00006000 08:06 11538078                   /lib/x86_64-linux-gnu/librt-2.17.so
7f229fd06000-7f229fd07000 rw-p 00007000 08:06 11538078                   /lib/x86_64-linux-gnu/librt-2.17.so
7f229fd07000-7f229fe0a000 r-xp 00000000 08:06 11538020                   /lib/x86_64-linux-gnu/libm-2.17.so
7f229fe0a000-7f22a0009000 ---p 00103000 08:06 11538020                   /lib/x86_64-linux-gnu/libm-2.17.so
7f22a0009000-7f22a000a000 r--p 00102000 08:06 11538020                   /lib/x86_64-linux-gnu/libm-2.17.so
7f22a000a000-7f22a000b000 rw-p 00103000 08:06 11538020                   /lib/x86_64-linux-gnu/libm-2.17.so
7f22a000b000-7f22a0b6d000 r-xp 00000000 08:06 1578379                    /usr/local/java/jdk1.7.0_51/jre/lib/amd64/server/libjvm.so
7f22a0b6d000-7f22a0d6d000 ---p 00b62000 08:06 1578379                    /usr/local/java/jdk1.7.0_51/jre/lib/amd64/server/libjvm.so
7f22a0d6d000-7f22a0e30000 rw-p 00b62000 08:06 1578379                    /usr/local/java/jdk1.7.0_51/jre/lib/amd64/server/libjvm.so
7f22a0e30000-7f22a0e71000 rw-p 00000000 00:00 0 
7f22a0e71000-7f22a102e000 r-xp 00000000 08:06 11538131                   /lib/x86_64-linux-gnu/libc-2.17.so
7f22a102e000-7f22a122e000 ---p 001bd000 08:06 11538131                   /lib/x86_64-linux-gnu/libc-2.17.so
7f22a122e000-7f22a1232000 r--p 001bd000 08:06 11538131                   /lib/x86_64-linux-gnu/libc-2.17.so
7f22a1232000-7f22a1234000 rw-p 001c1000 08:06 11538131                   /lib/x86_64-linux-gnu/libc-2.17.so
7f22a1234000-7f22a1239000 rw-p 00000000 00:00 0 
7f22a1239000-7f22a123c000 r-xp 00000000 08:06 11538153                   /lib/x86_64-linux-gnu/libdl-2.17.so
7f22a123c000-7f22a143b000 ---p 00003000 08:06 11538153                   /lib/x86_64-linux-gnu/libdl-2.17.so
7f22a143b000-7f22a143c000 r--p 00002000 08:06 11538153                   /lib/x86_64-linux-gnu/libdl-2.17.so
7f22a143c000-7f22a143d000 rw-p 00003000 08:06 11538153                   /lib/x86_64-linux-gnu/libdl-2.17.so
7f22a143d000-7f22a1453000 r-xp 00000000 08:06 928774                     /usr/local/java/jdk1.7.0_51/lib/amd64/jli/libjli.so
7f22a1453000-7f22a1653000 ---p 00016000 08:06 928774                     /usr/local/java/jdk1.7.0_51/lib/amd64/jli/libjli.so
7f22a1653000-7f22a1654000 rw-p 00016000 08:06 928774                     /usr/local/java/jdk1.7.0_51/lib/amd64/jli/libjli.so
7f22a1654000-7f22a166b000 r-xp 00000000 08:06 11538154                   /lib/x86_64-linux-gnu/libpthread-2.17.so
7f22a166b000-7f22a186b000 ---p 00017000 08:06 11538154                   /lib/x86_64-linux-gnu/libpthread-2.17.so
7f22a186b000-7f22a186c000 r--p 00017000 08:06 11538154                   /lib/x86_64-linux-gnu/libpthread-2.17.so
7f22a186c000-7f22a186d000 rw-p 00018000 08:06 11538154                   /lib/x86_64-linux-gnu/libpthread-2.17.so
7f22a186d000-7f22a1871000 rw-p 00000000 00:00 0 
7f22a1871000-7f22a1894000 r-xp 00000000 08:06 11538030                   /lib/x86_64-linux-gnu/ld-2.17.so
7f22a18ae000-7f22a18b8000 rw-p 00000000 00:00 0 
7f22a18b8000-7f22a196e000 rw-p 00000000 00:00 0 
7f22a196e000-7f22a1971000 ---p 00000000 00:00 0 
7f22a1971000-7f22a1a73000 rw-p 00000000 00:00 0                          [stack:15275]
7f22a1a75000-7f22a1a77000 rw-p 00000000 00:00 0 
7f22a1a77000-7f22a1a87000 r--s 000bf000 08:06 7870508                    /home/amirsaber/Desktop/WorkSpace/leJOS_NXJ_0.9.1beta-3/lib/nxt/classes.jar
7f22a1a87000-7f22a1a8f000 rw-s 00000000 08:06 12721487                   /tmp/hsperfdata_amirsaber/15273
7f22a1a8f000-7f22a1a90000 rw-p 00000000 00:00 0 
7f22a1a90000-7f22a1a91000 r--p 00000000 00:00 0 
7f22a1a91000-7f22a1a93000 rw-p 00000000 00:00 0 
7f22a1a93000-7f22a1a94000 r--p 00022000 08:06 11538030                   /lib/x86_64-linux-gnu/ld-2.17.so
7f22a1a94000-7f22a1a96000 rw-p 00023000 08:06 11538030                   /lib/x86_64-linux-gnu/ld-2.17.so
7fff405bf000-7fff405e0000 rw-p 00000000 00:00 0                          [stack]
7fff405fe000-7fff40600000 r-xp 00000000 00:00 0                          [vdso]
ffffffffff600000-ffffffffff601000 r-xp 00000000 00:00 0                  [vsyscall]

VM Arguments:
jvm_args: -Dfile.encoding=UTF-8 -Xbootclasspath:/home/amirsaber/Desktop/WorkSpace/leJOS_NXJ_0.9.1beta-3/lib/nxt/classes.jar 
java_command: com.sputnik.Sputnik_Tester
Launcher Type: SUN_STANDARD

Environment Variables:
JAVA_HOME=/usr/local/java/jdk1.7.0_51
JRE_HOME=/usr/local/java/jdk1.7.0_51/jre
PATH=/usr/lib/lightdm/lightdm:/usr/local/sbin:/usr/local/bin:/usr/sbin:/usr/bin:/sbin:/bin:/usr/games:/usr/local/games:/home/amirsaber/bin:/usr/local/java/jdk1.7.0_51/bin:/home/amirsaber/bin:/usr/local/java/jdk1.7.0_51/jre/bin
SHELL=/bin/bash
DISPLAY=:0.0

Signal Handlers:
SIGSEGV: [libjvm.so+0x993870], sa_mask[0]=0x7ffbfeff, sa_flags=0x10000004
SIGBUS: [libjvm.so+0x993870], sa_mask[0]=0x7ffbfeff, sa_flags=0x10000004
SIGFPE: [libjvm.so+0x8105b0], sa_mask[0]=0x7ffbfeff, sa_flags=0x10000004
SIGPIPE: [libjvm.so+0x8105b0], sa_mask[0]=0x7ffbfeff, sa_flags=0x10000004
SIGXFSZ: [libjvm.so+0x8105b0], sa_mask[0]=0x7ffbfeff, sa_flags=0x10000004
SIGILL: [libjvm.so+0x8105b0], sa_mask[0]=0x7ffbfeff, sa_flags=0x10000004
SIGUSR1: SIG_DFL, sa_mask[0]=0x00000000, sa_flags=0x00000000
SIGUSR2: [libjvm.so+0x811aa0], sa_mask[0]=0x00000004, sa_flags=0x10000004
SIGHUP: SIG_DFL, sa_mask[0]=0x00000000, sa_flags=0x00000000
SIGINT: SIG_DFL, sa_mask[0]=0x00000000, sa_flags=0x00000000
SIGTERM: SIG_DFL, sa_mask[0]=0x00000000, sa_flags=0x00000000
SIGQUIT: SIG_DFL, sa_mask[0]=0x00000000, sa_flags=0x00000000


---------------  S Y S T E M  ---------------

OS:wheezy/sid

uname:Linux 3.11.0-15-generic #25-Ubuntu SMP Thu Jan 30 17:22:01 UTC 2014 x86_64
libc:glibc 2.17 NPTL 2.17 
rlimit: STACK 8192k, CORE 0k, NPROC 47454, NOFILE 4096, AS infinity
load average:0.87 0.35 0.32

/proc/meminfo:
MemTotal:        6094428 kB
MemFree:         1758008 kB
Buffers:          325236 kB
Cached:          1211840 kB
SwapCached:         1388 kB
Active:          2667240 kB
Inactive:        1165320 kB
Active(anon):    1883600 kB
Inactive(anon):   435108 kB
Active(file):     783640 kB
Inactive(file):   730212 kB
Unevictable:          48 kB
Mlocked:              48 kB
SwapTotal:       6270972 kB
SwapFree:        6268560 kB
Dirty:               180 kB
Writeback:             0 kB
AnonPages:       2294236 kB
Mapped:           231688 kB
Shmem:             23316 kB
Slab:             321596 kB
SReclaimable:     272468 kB
SUnreclaim:        49128 kB
KernelStack:        6240 kB
PageTables:        49936 kB
NFS_Unstable:          0 kB
Bounce:                0 kB
WritebackTmp:          0 kB
CommitLimit:     9318184 kB
Committed_AS:    7540924 kB
VmallocTotal:   34359738367 kB
VmallocUsed:      123488 kB
VmallocChunk:   34359610876 kB
HardwareCorrupted:     0 kB
AnonHugePages:         0 kB
HugePages_Total:       0
HugePages_Free:        0
HugePages_Rsvd:        0
HugePages_Surp:        0
Hugepagesize:       2048 kB
DirectMap4k:      299476 kB
DirectMap2M:     5974016 kB


CPU:total 8 (4 cores per cpu, 2 threads per core) family 6 model 30 stepping 5, cmov, cx8, fxsr, mmx, sse, sse2, sse3, ssse3, sse4.1, sse4.2, popcnt, ht, tsc, tscinvbit

/proc/cpuinfo:
processor	: 0
vendor_id	: GenuineIntel
cpu family	: 6
model		: 30
model name	: Intel(R) Core(TM) i7 CPU       Q 720  @ 1.60GHz
stepping	: 5
microcode	: 0x3
cpu MHz		: 933.000
cache size	: 6144 KB
physical id	: 0
siblings	: 8
core id		: 0
cpu cores	: 4
apicid		: 0
initial apicid	: 0
fpu		: yes
fpu_exception	: yes
cpuid level	: 11
wp		: yes
flags		: fpu vme de pse tsc msr pae mce cx8 apic sep mtrr pge mca cmov pat pse36 clflush dts acpi mmx fxsr sse sse2 ss ht tm pbe syscall nx rdtscp lm constant_tsc arch_perfmon pebs bts rep_good nopl xtopology nonstop_tsc aperfmperf pni dtes64 monitor ds_cpl vmx smx est tm2 ssse3 cx16 xtpr pdcm sse4_1 sse4_2 popcnt lahf_lm ida dtherm tpr_shadow vnmi flexpriority ept vpid
bogomips	: 3192.17
clflush size	: 64
cache_alignment	: 64
address sizes	: 36 bits physical, 48 bits virtual
power management:

processor	: 1
vendor_id	: GenuineIntel
cpu family	: 6
model		: 30
model name	: Intel(R) Core(TM) i7 CPU       Q 720  @ 1.60GHz
stepping	: 5
microcode	: 0x3
cpu MHz		: 1199.000
cache size	: 6144 KB
physical id	: 0
siblings	: 8
core id		: 1
cpu cores	: 4
apicid		: 2
initial apicid	: 2
fpu		: yes
fpu_exception	: yes
cpuid level	: 11
wp		: yes
flags		: fpu vme de pse tsc msr pae mce cx8 apic sep mtrr pge mca cmov pat pse36 clflush dts acpi mmx fxsr sse sse2 ss ht tm pbe syscall nx rdtscp lm constant_tsc arch_perfmon pebs bts rep_good nopl xtopology nonstop_tsc aperfmperf pni dtes64 monitor ds_cpl vmx smx est tm2 ssse3 cx16 xtpr pdcm sse4_1 sse4_2 popcnt lahf_lm ida dtherm tpr_shadow vnmi flexpriority ept vpid
bogomips	: 3192.17
clflush size	: 64
cache_alignment	: 64
address sizes	: 36 bits physical, 48 bits virtual
power management:

processor	: 2
vendor_id	: GenuineIntel
cpu family	: 6
model		: 30
model name	: Intel(R) Core(TM) i7 CPU       Q 720  @ 1.60GHz
stepping	: 5
microcode	: 0x3
cpu MHz		: 933.000
cache size	: 6144 KB
physical id	: 0
siblings	: 8
core id		: 2
cpu cores	: 4
apicid		: 4
initial apicid	: 4
fpu		: yes
fpu_exception	: yes
cpuid level	: 11
wp		: yes
flags		: fpu vme de pse tsc msr pae mce cx8 apic sep mtrr pge mca cmov pat pse36 clflush dts acpi mmx fxsr sse sse2 ss ht tm pbe syscall nx rdtscp lm constant_tsc arch_perfmon pebs bts rep_good nopl xtopology nonstop_tsc aperfmperf pni dtes64 monitor ds_cpl vmx smx est tm2 ssse3 cx16 xtpr pdcm sse4_1 sse4_2 popcnt lahf_lm ida dtherm tpr_shadow vnmi flexpriority ept vpid
bogomips	: 3192.17
clflush size	: 64
cache_alignment	: 64
address sizes	: 36 bits physical, 48 bits virtual
power management:

processor	: 3
vendor_id	: GenuineIntel
cpu family	: 6
model		: 30
model name	: Intel(R) Core(TM) i7 CPU       Q 720  @ 1.60GHz
stepping	: 5
microcode	: 0x3
cpu MHz		: 1600.000
cache size	: 6144 KB
physical id	: 0
siblings	: 8
core id		: 3
cpu cores	: 4
apicid		: 6
initial apicid	: 6
fpu		: yes
fpu_exception	: yes
cpuid level	: 11
wp		: yes
flags		: fpu vme de pse tsc msr pae mce cx8 apic sep mtrr pge mca cmov pat pse36 clflush dts acpi mmx fxsr sse sse2 ss ht tm pbe syscall nx rdtscp lm constant_tsc arch_perfmon pebs bts rep_good nopl xtopology nonstop_tsc aperfmperf pni dtes64 monitor ds_cpl vmx smx est tm2 ssse3 cx16 xtpr pdcm sse4_1 sse4_2 popcnt lahf_lm ida dtherm tpr_shadow vnmi flexpriority ept vpid
bogomips	: 3192.17
clflush size	: 64
cache_alignment	: 64
address sizes	: 36 bits physical, 48 bits virtual
power management:

processor	: 4
vendor_id	: GenuineIntel
cpu family	: 6
model		: 30
model name	: Intel(R) Core(TM) i7 CPU       Q 720  @ 1.60GHz
stepping	: 5
microcode	: 0x3
cpu MHz		: 933.000
cache size	: 6144 KB
physical id	: 0
siblings	: 8
core id		: 0
cpu cores	: 4
apicid		: 1
initial apicid	: 1
fpu		: yes
fpu_exception	: yes
cpuid level	: 11
wp		: yes
flags		: fpu vme de pse tsc msr pae mce cx8 apic sep mtrr pge mca cmov pat pse36 clflush dts acpi mmx fxsr sse sse2 ss ht tm pbe syscall nx rdtscp lm constant_tsc arch_perfmon pebs bts rep_good nopl xtopology nonstop_tsc aperfmperf pni dtes64 monitor ds_cpl vmx smx est tm2 ssse3 cx16 xtpr pdcm sse4_1 sse4_2 popcnt lahf_lm ida dtherm tpr_shadow vnmi flexpriority ept vpid
bogomips	: 3192.17
clflush size	: 64
cache_alignment	: 64
address sizes	: 36 bits physical, 48 bits virtual
power management:

processor	: 5
vendor_id	: GenuineIntel
cpu family	: 6
model		: 30
model name	: Intel(R) Core(TM) i7 CPU       Q 720  @ 1.60GHz
stepping	: 5
microcode	: 0x3
cpu MHz		: 933.000
cache size	: 6144 KB
physical id	: 0
siblings	: 8
core id		: 1
cpu cores	: 4
apicid		: 3
initial apicid	: 3
fpu		: yes
fpu_exception	: yes
cpuid level	: 11
wp		: yes
flags		: fpu vme de pse tsc msr pae mce cx8 apic sep mtrr pge mca cmov pat pse36 clflush dts acpi mmx fxsr sse sse2 ss ht tm pbe syscall nx rdtscp lm constant_tsc arch_perfmon pebs bts rep_good nopl xtopology nonstop_tsc aperfmperf pni dtes64 monitor ds_cpl vmx smx est tm2 ssse3 cx16 xtpr pdcm sse4_1 sse4_2 popcnt lahf_lm ida dtherm tpr_shadow vnmi flexpriority ept vpid
bogomips	: 3192.17
clflush size	: 64
cache_alignment	: 64
address sizes	: 36 bits physical, 48 bits virtual
power management:

processor	: 6
vendor_id	: GenuineIntel
cpu family	: 6
model		: 30
model name	: Intel(R) Core(TM) i7 CPU       Q 720  @ 1.60GHz
stepping	: 5
microcode	: 0x3
cpu MHz		: 1600.000
cache size	: 6144 KB
physical id	: 0
siblings	: 8
core id		: 2
cpu cores	: 4
apicid		: 5
initial apicid	: 5
fpu		: yes
fpu_exception	: yes
cpuid level	: 11
wp		: yes
flags		: fpu vme de pse tsc msr pae mce cx8 apic sep mtrr pge mca cmov pat pse36 clflush dts acpi mmx fxsr sse sse2 ss ht tm pbe syscall nx rdtscp lm constant_tsc arch_perfmon pebs bts rep_good nopl xtopology nonstop_tsc aperfmperf pni dtes64 monitor ds_cpl vmx smx est tm2 ssse3 cx16 xtpr pdcm sse4_1 sse4_2 popcnt lahf_lm ida dtherm tpr_shadow vnmi flexpriority ept vpid
bogomips	: 3192.17
clflush size	: 64
cache_alignment	: 64
address sizes	: 36 bits physical, 48 bits virtual
power management:

processor	: 7
vendor_id	: GenuineIntel
cpu family	: 6
model		: 30
model name	: Intel(R) Core(TM) i7 CPU       Q 720  @ 1.60GHz
stepping	: 5
microcode	: 0x3
cpu MHz		: 933.000
cache size	: 6144 KB
physical id	: 0
siblings	: 8
core id		: 3
cpu cores	: 4
apicid		: 7
initial apicid	: 7
fpu		: yes
fpu_exception	: yes
cpuid level	: 11
wp		: yes
flags		: fpu vme de pse tsc msr pae mce cx8 apic sep mtrr pge mca cmov pat pse36 clflush dts acpi mmx fxsr sse sse2 ss ht tm pbe syscall nx rdtscp lm constant_tsc arch_perfmon pebs bts rep_good nopl xtopology nonstop_tsc aperfmperf pni dtes64 monitor ds_cpl vmx smx est tm2 ssse3 cx16 xtpr pdcm sse4_1 sse4_2 popcnt lahf_lm ida dtherm tpr_shadow vnmi flexpriority ept vpid
bogomips	: 3192.17
clflush size	: 64
cache_alignment	: 64
address sizes	: 36 bits physical, 48 bits virtual
power management:



Memory: 4k page, physical 6094428k(1758008k free), swap 6270972k(6268560k free)

vm_info: Java HotSpot(TM) 64-Bit Server VM (24.51-b03) for linux-amd64 JRE (1.7.0_51-b13), built on Dec 18 2013 18:48:01 by "java_re" with gcc 4.3.0 20080428 (Red Hat 4.3.0-8)

time: Tue Mar  4 21:43:07 2014
elapsed time: 0 seconds

