#
# A fatal error has been detected by the Java Runtime Environment:
#
#  Internal Error (javaClasses.cpp:136), pid=15767, tid=140278210483968
#  fatal error: Invalid layout of preloaded class
#
# JRE version:  (7.0_51-b13) (build )
# Java VM: Java HotSpot(TM) 64-Bit Server VM (24.51-b03 mixed mode linux-amd64 compressed oops)
# Failed to write core dump. Core dumps have been disabled. To enable core dumping, try "ulimit -c unlimited" before starting Java again
#
# If you would like to submit a bug report, please visit:
#   http://bugreport.sun.com/bugreport/crash.jsp
#

---------------  T H R E A D  ---------------

Current thread (0x00007f9508009800):  JavaThread "Unknown thread" [_thread_in_vm, id=15772, stack(0x00007f9510d7d000,0x00007f9510e7e000)]

Stack: [0x00007f9510d7d000,0x00007f9510e7e000],  sp=0x00007f9510e7c780,  free space=1021k
Native frames: (J=compiled Java code, j=interpreted, Vv=VM code, C=native code)
V  [libjvm.so+0x992f4a]  VMError::report_and_die()+0x2ea
V  [libjvm.so+0x493569]  report_fatal(char const*, int, char const*)+0x59
V  [libjvm.so+0x5fdce0]  compute_offset(int&, klassOopDesc*, Symbol*, Symbol*, bool)+0x140
V  [libjvm.so+0x5fe7f9]  java_lang_String::compute_offsets()+0x39
V  [libjvm.so+0x9191c5]  SystemDictionary::initialize_preloaded_classes(Thread*)+0x1a5
V  [libjvm.so+0x967f04]  Universe::genesis(Thread*)+0x494
V  [libjvm.so+0x9683b9]  universe2_init()+0x29
V  [libjvm.so+0x5a967d]  init_globals()+0xbd
V  [libjvm.so+0x94ef8d]  Threads::create_vm(JavaVMInitArgs*, bool*)+0x1ed
V  [libjvm.so+0x6307e4]  JNI_CreateJavaVM+0x74
C  [libjli.so+0x2f8e]  JavaMain+0x9e


---------------  P R O C E S S  ---------------

Java Threads: ( => current thread )

Other Threads:

=>0x00007f9508009800 (exited) JavaThread "Unknown thread" [_thread_in_vm, id=15772, stack(0x00007f9510d7d000,0x00007f9510e7e000)]

VM state:not at safepoint (not fully initialized)

VM Mutex/Monitor currently owned by a thread: None

GC Heap History (0 events):
No events

Deoptimization events (0 events):
No events

Internal exceptions (0 events):
No events

Events (10 events):
Event: 0.008 loading class 0x00007f950cf980d0
Event: 0.008 loading class 0x00007f950cf980d0 done
Event: 0.008 loading class 0x00007f950cf98110
Event: 0.008 loading class 0x00007f950cf986f0
Event: 0.008 loading class 0x00007f950cf986f0 done
Event: 0.008 loading class 0x00007f950cf9ee10
Event: 0.008 loading class 0x00007f950cf9ee10 done
Event: 0.008 loading class 0x00007f950cf98110 done
Event: 0.008 loading class 0x00007f950cf980f0
Event: 0.008 loading class 0x00007f950cf980f0 done


Dynamic libraries:
00400000-00401000 r-xp 00000000 08:06 924254                             /usr/local/java/jdk1.7.0_51/bin/java
00600000-00601000 rw-p 00000000 08:06 924254                             /usr/local/java/jdk1.7.0_51/bin/java
01b17000-01b38000 rw-p 00000000 00:00 0                                  [heap]
9de00000-9f300000 rw-p 00000000 00:00 0 
9f300000-a3000000 rw-p 00000000 00:00 0 
a3000000-a6e00000 rw-p 00000000 00:00 0 
a6e00000-e1000000 rw-p 00000000 00:00 0 
e1000000-e2f00000 rw-p 00000000 00:00 0 
e2f00000-100000000 rw-p 00000000 00:00 0 
7f94e0000000-7f94e0021000 rw-p 00000000 00:00 0 
7f94e0021000-7f94e4000000 ---p 00000000 00:00 0 
7f94e4ef0000-7f94e8000000 rw-p 00000000 00:00 0 
7f94e8000000-7f94e8021000 rw-p 00000000 00:00 0 
7f94e8021000-7f94ec000000 ---p 00000000 00:00 0 
7f94ec000000-7f94ec021000 rw-p 00000000 00:00 0 
7f94ec021000-7f94f0000000 ---p 00000000 00:00 0 
7f94f0000000-7f94f0021000 rw-p 00000000 00:00 0 
7f94f0021000-7f94f4000000 ---p 00000000 00:00 0 
7f94f4000000-7f94f4021000 rw-p 00000000 00:00 0 
7f94f4021000-7f94f8000000 ---p 00000000 00:00 0 
7f94f8000000-7f94f8021000 rw-p 00000000 00:00 0 
7f94f8021000-7f94fc000000 ---p 00000000 00:00 0 
7f94fc000000-7f94fc021000 rw-p 00000000 00:00 0 
7f94fc021000-7f9500000000 ---p 00000000 00:00 0 
7f9500000000-7f9500021000 rw-p 00000000 00:00 0 
7f9500021000-7f9504000000 ---p 00000000 00:00 0 
7f9505000000-7f9505270000 rwxp 00000000 00:00 0 
7f9505270000-7f950805b000 rw-p 00000000 00:00 0 
7f950805b000-7f950c000000 ---p 00000000 00:00 0 
7f950ccdd000-7f950d34b000 rw-p 00000000 00:00 0 
7f950d34b000-7f950d34c000 ---p 00000000 00:00 0 
7f950d34c000-7f950d44c000 rw-p 00000000 00:00 0                          [stack:15780]
7f950d44c000-7f950d44d000 ---p 00000000 00:00 0 
7f950d44d000-7f950d54d000 rw-p 00000000 00:00 0                          [stack:15779]
7f950d54d000-7f950d54e000 ---p 00000000 00:00 0 
7f950d54e000-7f950d64e000 rw-p 00000000 00:00 0                          [stack:15778]
7f950d64e000-7f950d64f000 ---p 00000000 00:00 0 
7f950d64f000-7f950d74f000 rw-p 00000000 00:00 0                          [stack:15777]
7f950d74f000-7f950d750000 ---p 00000000 00:00 0 
7f950d750000-7f950d850000 rw-p 00000000 00:00 0                          [stack:15776]
7f950d850000-7f950d851000 ---p 00000000 00:00 0 
7f950d851000-7f950d951000 rw-p 00000000 00:00 0                          [stack:15775]
7f950d951000-7f950d952000 ---p 00000000 00:00 0 
7f950d952000-7f950da52000 rw-p 00000000 00:00 0                          [stack:15774]
7f950da52000-7f950da53000 ---p 00000000 00:00 0 
7f950da53000-7f950db5e000 rw-p 00000000 00:00 0                          [stack:15773]
7f950db5e000-7f950db7c000 rw-p 00000000 00:00 0 
7f950db7c000-7f950db9b000 rw-p 00000000 00:00 0 
7f950db9b000-7f950dd6c000 rw-p 00000000 00:00 0 
7f950dd6c000-7f950dd77000 rw-p 00000000 00:00 0 
7f950dd77000-7f950dd95000 rw-p 00000000 00:00 0 
7f950dd95000-7f950ddb4000 rw-p 00000000 00:00 0 
7f950ddb4000-7f950df85000 rw-p 00000000 00:00 0 
7f950df85000-7f950df95000 rw-p 00000000 00:00 0 
7f950df95000-7f950e07d000 rw-p 00000000 00:00 0 
7f950e07d000-7f950e07e000 rw-p 00000000 00:00 0 
7f950e07e000-7f950e098000 r-xp 00000000 08:06 1578389                    /usr/local/java/jdk1.7.0_51/jre/lib/amd64/libzip.so
7f950e098000-7f950e298000 ---p 0001a000 08:06 1578389                    /usr/local/java/jdk1.7.0_51/jre/lib/amd64/libzip.so
7f950e298000-7f950e299000 rw-p 0001a000 08:06 1578389                    /usr/local/java/jdk1.7.0_51/jre/lib/amd64/libzip.so
7f950e299000-7f950e2a5000 r-xp 00000000 08:06 11538074                   /lib/x86_64-linux-gnu/libnss_files-2.17.so
7f950e2a5000-7f950e4a4000 ---p 0000c000 08:06 11538074                   /lib/x86_64-linux-gnu/libnss_files-2.17.so
7f950e4a4000-7f950e4a5000 r--p 0000b000 08:06 11538074                   /lib/x86_64-linux-gnu/libnss_files-2.17.so
7f950e4a5000-7f950e4a6000 rw-p 0000c000 08:06 11538074                   /lib/x86_64-linux-gnu/libnss_files-2.17.so
7f950e4a6000-7f950e4b1000 r-xp 00000000 08:06 11538062                   /lib/x86_64-linux-gnu/libnss_nis-2.17.so
7f950e4b1000-7f950e6b0000 ---p 0000b000 08:06 11538062                   /lib/x86_64-linux-gnu/libnss_nis-2.17.so
7f950e6b0000-7f950e6b1000 r--p 0000a000 08:06 11538062                   /lib/x86_64-linux-gnu/libnss_nis-2.17.so
7f950e6b1000-7f950e6b2000 rw-p 0000b000 08:06 11538062                   /lib/x86_64-linux-gnu/libnss_nis-2.17.so
7f950e6b2000-7f950e6c9000 r-xp 00000000 08:06 11535148                   /lib/x86_64-linux-gnu/libnsl-2.17.so
7f950e6c9000-7f950e8c8000 ---p 00017000 08:06 11535148                   /lib/x86_64-linux-gnu/libnsl-2.17.so
7f950e8c8000-7f950e8c9000 r--p 00016000 08:06 11535148                   /lib/x86_64-linux-gnu/libnsl-2.17.so
7f950e8c9000-7f950e8ca000 rw-p 00017000 08:06 11535148                   /lib/x86_64-linux-gnu/libnsl-2.17.so
7f950e8ca000-7f950e8cc000 rw-p 00000000 00:00 0 
7f950e8cc000-7f950e8d4000 r-xp 00000000 08:06 11538007                   /lib/x86_64-linux-gnu/libnss_compat-2.17.so
7f950e8d4000-7f950ead3000 ---p 00008000 08:06 11538007                   /lib/x86_64-linux-gnu/libnss_compat-2.17.so
7f950ead3000-7f950ead4000 r--p 00007000 08:06 11538007                   /lib/x86_64-linux-gnu/libnss_compat-2.17.so
7f950ead4000-7f950ead5000 rw-p 00008000 08:06 11538007                   /lib/x86_64-linux-gnu/libnss_compat-2.17.so
7f950ead5000-7f950eafe000 r-xp 00000000 08:06 1578373                    /usr/local/java/jdk1.7.0_51/jre/lib/amd64/libjava.so
7f950eafe000-7f950ecfe000 ---p 00029000 08:06 1578373                    /usr/local/java/jdk1.7.0_51/jre/lib/amd64/libjava.so
7f950ecfe000-7f950ed00000 rw-p 00029000 08:06 1578373                    /usr/local/java/jdk1.7.0_51/jre/lib/amd64/libjava.so
7f950ed00000-7f950ed0d000 r-xp 00000000 08:06 1578371                    /usr/local/java/jdk1.7.0_51/jre/lib/amd64/libverify.so
7f950ed0d000-7f950ef0c000 ---p 0000d000 08:06 1578371                    /usr/local/java/jdk1.7.0_51/jre/lib/amd64/libverify.so
7f950ef0c000-7f950ef0e000 rw-p 0000c000 08:06 1578371                    /usr/local/java/jdk1.7.0_51/jre/lib/amd64/libverify.so
7f950ef0e000-7f950ef15000 r-xp 00000000 08:06 11538078                   /lib/x86_64-linux-gnu/librt-2.17.so
7f950ef15000-7f950f114000 ---p 00007000 08:06 11538078                   /lib/x86_64-linux-gnu/librt-2.17.so
7f950f114000-7f950f115000 r--p 00006000 08:06 11538078                   /lib/x86_64-linux-gnu/librt-2.17.so
7f950f115000-7f950f116000 rw-p 00007000 08:06 11538078                   /lib/x86_64-linux-gnu/librt-2.17.so
7f950f116000-7f950f219000 r-xp 00000000 08:06 11538020                   /lib/x86_64-linux-gnu/libm-2.17.so
7f950f219000-7f950f418000 ---p 00103000 08:06 11538020                   /lib/x86_64-linux-gnu/libm-2.17.so
7f950f418000-7f950f419000 r--p 00102000 08:06 11538020                   /lib/x86_64-linux-gnu/libm-2.17.so
7f950f419000-7f950f41a000 rw-p 00103000 08:06 11538020                   /lib/x86_64-linux-gnu/libm-2.17.so
7f950f41a000-7f950ff7c000 r-xp 00000000 08:06 1578379                    /usr/local/java/jdk1.7.0_51/jre/lib/amd64/server/libjvm.so
7f950ff7c000-7f951017c000 ---p 00b62000 08:06 1578379                    /usr/local/java/jdk1.7.0_51/jre/lib/amd64/server/libjvm.so
7f951017c000-7f951023f000 rw-p 00b62000 08:06 1578379                    /usr/local/java/jdk1.7.0_51/jre/lib/amd64/server/libjvm.so
7f951023f000-7f9510280000 rw-p 00000000 00:00 0 
7f9510280000-7f951043d000 r-xp 00000000 08:06 11538131                   /lib/x86_64-linux-gnu/libc-2.17.so
7f951043d000-7f951063d000 ---p 001bd000 08:06 11538131                   /lib/x86_64-linux-gnu/libc-2.17.so
7f951063d000-7f9510641000 r--p 001bd000 08:06 11538131                   /lib/x86_64-linux-gnu/libc-2.17.so
7f9510641000-7f9510643000 rw-p 001c1000 08:06 11538131                   /lib/x86_64-linux-gnu/libc-2.17.so
7f9510643000-7f9510648000 rw-p 00000000 00:00 0 
7f9510648000-7f951064b000 r-xp 00000000 08:06 11538153                   /lib/x86_64-linux-gnu/libdl-2.17.so
7f951064b000-7f951084a000 ---p 00003000 08:06 11538153                   /lib/x86_64-linux-gnu/libdl-2.17.so
7f951084a000-7f951084b000 r--p 00002000 08:06 11538153                   /lib/x86_64-linux-gnu/libdl-2.17.so
7f951084b000-7f951084c000 rw-p 00003000 08:06 11538153                   /lib/x86_64-linux-gnu/libdl-2.17.so
7f951084c000-7f9510862000 r-xp 00000000 08:06 928774                     /usr/local/java/jdk1.7.0_51/lib/amd64/jli/libjli.so
7f9510862000-7f9510a62000 ---p 00016000 08:06 928774                     /usr/local/java/jdk1.7.0_51/lib/amd64/jli/libjli.so
7f9510a62000-7f9510a63000 rw-p 00016000 08:06 928774                     /usr/local/java/jdk1.7.0_51/lib/amd64/jli/libjli.so
7f9510a63000-7f9510a7a000 r-xp 00000000 08:06 11538154                   /lib/x86_64-linux-gnu/libpthread-2.17.so
7f9510a7a000-7f9510c7a000 ---p 00017000 08:06 11538154                   /lib/x86_64-linux-gnu/libpthread-2.17.so
7f9510c7a000-7f9510c7b000 r--p 00017000 08:06 11538154                   /lib/x86_64-linux-gnu/libpthread-2.17.so
7f9510c7b000-7f9510c7c000 rw-p 00018000 08:06 11538154                   /lib/x86_64-linux-gnu/libpthread-2.17.so
7f9510c7c000-7f9510c80000 rw-p 00000000 00:00 0 
7f9510c80000-7f9510ca3000 r-xp 00000000 08:06 11538030                   /lib/x86_64-linux-gnu/ld-2.17.so
7f9510cbd000-7f9510cc7000 rw-p 00000000 00:00 0 
7f9510cc7000-7f9510d7d000 rw-p 00000000 00:00 0 
7f9510d7d000-7f9510d80000 ---p 00000000 00:00 0 
7f9510d80000-7f9510e82000 rw-p 00000000 00:00 0                          [stack:15772]
7f9510e84000-7f9510e86000 rw-p 00000000 00:00 0 
7f9510e86000-7f9510e96000 r--s 000bf000 08:06 7870508                    /home/amirsaber/Desktop/WorkSpace/leJOS_NXJ_0.9.1beta-3/lib/nxt/classes.jar
7f9510e96000-7f9510e9e000 rw-s 00000000 08:06 12721487                   /tmp/hsperfdata_amirsaber/15767
7f9510e9e000-7f9510e9f000 rw-p 00000000 00:00 0 
7f9510e9f000-7f9510ea0000 r--p 00000000 00:00 0 
7f9510ea0000-7f9510ea2000 rw-p 00000000 00:00 0 
7f9510ea2000-7f9510ea3000 r--p 00022000 08:06 11538030                   /lib/x86_64-linux-gnu/ld-2.17.so
7f9510ea3000-7f9510ea5000 rw-p 00023000 08:06 11538030                   /lib/x86_64-linux-gnu/ld-2.17.so
7fffeda87000-7fffedaa8000 rw-p 00000000 00:00 0                          [stack]
7fffedaee000-7fffedaf0000 r-xp 00000000 00:00 0                          [vdso]
ffffffffff600000-ffffffffff601000 r-xp 00000000 00:00 0                  [vsyscall]

VM Arguments:
jvm_args: -Dfile.encoding=UTF-8 -Xbootclasspath:/home/amirsaber/Desktop/WorkSpace/leJOS_NXJ_0.9.1beta-3/lib/nxt/classes.jar 
java_command: com.sputnik.Sputnik_Tester
Launcher Type: SUN_STANDARD

Environment Variables:
JAVA_HOME=/usr/local/java/jdk1.7.0_51
JRE_HOME=/usr/local/java/jdk1.7.0_51/jre
PATH=/usr/lib/lightdm/lightdm:/usr/local/sbin:/usr/local/bin:/usr/sbin:/usr/bin:/sbin:/bin:/usr/games:/usr/local/games:/home/amirsaber/bin:/usr/local/java/jdk1.7.0_51/bin:/home/amirsaber/bin:/usr/local/java/jdk1.7.0_51/jre/bin
SHELL=/bin/bash
DISPLAY=:0.0

Signal Handlers:
SIGSEGV: [libjvm.so+0x993870], sa_mask[0]=0x7ffbfeff, sa_flags=0x10000004
SIGBUS: [libjvm.so+0x993870], sa_mask[0]=0x7ffbfeff, sa_flags=0x10000004
SIGFPE: [libjvm.so+0x8105b0], sa_mask[0]=0x7ffbfeff, sa_flags=0x10000004
SIGPIPE: [libjvm.so+0x8105b0], sa_mask[0]=0x7ffbfeff, sa_flags=0x10000004
SIGXFSZ: [libjvm.so+0x8105b0], sa_mask[0]=0x7ffbfeff, sa_flags=0x10000004
SIGILL: [libjvm.so+0x8105b0], sa_mask[0]=0x7ffbfeff, sa_flags=0x10000004
SIGUSR1: SIG_DFL, sa_mask[0]=0x00000000, sa_flags=0x00000000
SIGUSR2: [libjvm.so+0x811aa0], sa_mask[0]=0x00000004, sa_flags=0x10000004
SIGHUP: SIG_DFL, sa_mask[0]=0x00000000, sa_flags=0x00000000
SIGINT: SIG_DFL, sa_mask[0]=0x00000000, sa_flags=0x00000000
SIGTERM: SIG_DFL, sa_mask[0]=0x00000000, sa_flags=0x00000000
SIGQUIT: SIG_DFL, sa_mask[0]=0x00000000, sa_flags=0x00000000


---------------  S Y S T E M  ---------------

OS:wheezy/sid

uname:Linux 3.11.0-15-generic #25-Ubuntu SMP Thu Jan 30 17:22:01 UTC 2014 x86_64
libc:glibc 2.17 NPTL 2.17 
rlimit: STACK 8192k, CORE 0k, NPROC 47454, NOFILE 4096, AS infinity
load average:0.36 0.39 0.35

/proc/meminfo:
MemTotal:        6094428 kB
MemFree:         1749216 kB
Buffers:          325560 kB
Cached:          1212928 kB
SwapCached:         1388 kB
Active:          2678048 kB
Inactive:        1163284 kB
Active(anon):    1890996 kB
Inactive(anon):   434696 kB
Active(file):     787052 kB
Inactive(file):   728588 kB
Unevictable:          48 kB
Mlocked:              48 kB
SwapTotal:       6270972 kB
SwapFree:        6268560 kB
Dirty:               244 kB
Writeback:             0 kB
AnonPages:       2301476 kB
Mapped:           231456 kB
Shmem:             22940 kB
Slab:             321712 kB
SReclaimable:     272620 kB
SUnreclaim:        49092 kB
KernelStack:        6256 kB
PageTables:        50024 kB
NFS_Unstable:          0 kB
Bounce:                0 kB
WritebackTmp:          0 kB
CommitLimit:     9318184 kB
Committed_AS:    7540440 kB
VmallocTotal:   34359738367 kB
VmallocUsed:      123488 kB
VmallocChunk:   34359610876 kB
HardwareCorrupted:     0 kB
AnonHugePages:         0 kB
HugePages_Total:       0
HugePages_Free:        0
HugePages_Rsvd:        0
HugePages_Surp:        0
Hugepagesize:       2048 kB
DirectMap4k:      299476 kB
DirectMap2M:     5974016 kB


CPU:total 8 (4 cores per cpu, 2 threads per core) family 6 model 30 stepping 5, cmov, cx8, fxsr, mmx, sse, sse2, sse3, ssse3, sse4.1, sse4.2, popcnt, ht, tsc, tscinvbit

/proc/cpuinfo:
processor	: 0
vendor_id	: GenuineIntel
cpu family	: 6
model		: 30
model name	: Intel(R) Core(TM) i7 CPU       Q 720  @ 1.60GHz
stepping	: 5
microcode	: 0x3
cpu MHz		: 1600.000
cache size	: 6144 KB
physical id	: 0
siblings	: 8
core id		: 0
cpu cores	: 4
apicid		: 0
initial apicid	: 0
fpu		: yes
fpu_exception	: yes
cpuid level	: 11
wp		: yes
flags		: fpu vme de pse tsc msr pae mce cx8 apic sep mtrr pge mca cmov pat pse36 clflush dts acpi mmx fxsr sse sse2 ss ht tm pbe syscall nx rdtscp lm constant_tsc arch_perfmon pebs bts rep_good nopl xtopology nonstop_tsc aperfmperf pni dtes64 monitor ds_cpl vmx smx est tm2 ssse3 cx16 xtpr pdcm sse4_1 sse4_2 popcnt lahf_lm ida dtherm tpr_shadow vnmi flexpriority ept vpid
bogomips	: 3192.17
clflush size	: 64
cache_alignment	: 64
address sizes	: 36 bits physical, 48 bits virtual
power management:

processor	: 1
vendor_id	: GenuineIntel
cpu family	: 6
model		: 30
model name	: Intel(R) Core(TM) i7 CPU       Q 720  @ 1.60GHz
stepping	: 5
microcode	: 0x3
cpu MHz		: 933.000
cache size	: 6144 KB
physical id	: 0
siblings	: 8
core id		: 1
cpu cores	: 4
apicid		: 2
initial apicid	: 2
fpu		: yes
fpu_exception	: yes
cpuid level	: 11
wp		: yes
flags		: fpu vme de pse tsc msr pae mce cx8 apic sep mtrr pge mca cmov pat pse36 clflush dts acpi mmx fxsr sse sse2 ss ht tm pbe syscall nx rdtscp lm constant_tsc arch_perfmon pebs bts rep_good nopl xtopology nonstop_tsc aperfmperf pni dtes64 monitor ds_cpl vmx smx est tm2 ssse3 cx16 xtpr pdcm sse4_1 sse4_2 popcnt lahf_lm ida dtherm tpr_shadow vnmi flexpriority ept vpid
bogomips	: 3192.17
clflush size	: 64
cache_alignment	: 64
address sizes	: 36 bits physical, 48 bits virtual
power management:

processor	: 2
vendor_id	: GenuineIntel
cpu family	: 6
model		: 30
model name	: Intel(R) Core(TM) i7 CPU       Q 720  @ 1.60GHz
stepping	: 5
microcode	: 0x3
cpu MHz		: 933.000
cache size	: 6144 KB
physical id	: 0
siblings	: 8
core id		: 2
cpu cores	: 4
apicid		: 4
initial apicid	: 4
fpu		: yes
fpu_exception	: yes
cpuid level	: 11
wp		: yes
flags		: fpu vme de pse tsc msr pae mce cx8 apic sep mtrr pge mca cmov pat pse36 clflush dts acpi mmx fxsr sse sse2 ss ht tm pbe syscall nx rdtscp lm constant_tsc arch_perfmon pebs bts rep_good nopl xtopology nonstop_tsc aperfmperf pni dtes64 monitor ds_cpl vmx smx est tm2 ssse3 cx16 xtpr pdcm sse4_1 sse4_2 popcnt lahf_lm ida dtherm tpr_shadow vnmi flexpriority ept vpid
bogomips	: 3192.17
clflush size	: 64
cache_alignment	: 64
address sizes	: 36 bits physical, 48 bits virtual
power management:

processor	: 3
vendor_id	: GenuineIntel
cpu family	: 6
model		: 30
model name	: Intel(R) Core(TM) i7 CPU       Q 720  @ 1.60GHz
stepping	: 5
microcode	: 0x3
cpu MHz		: 1600.000
cache size	: 6144 KB
physical id	: 0
siblings	: 8
core id		: 3
cpu cores	: 4
apicid		: 6
initial apicid	: 6
fpu		: yes
fpu_exception	: yes
cpuid level	: 11
wp		: yes
flags		: fpu vme de pse tsc msr pae mce cx8 apic sep mtrr pge mca cmov pat pse36 clflush dts acpi mmx fxsr sse sse2 ss ht tm pbe syscall nx rdtscp lm constant_tsc arch_perfmon pebs bts rep_good nopl xtopology nonstop_tsc aperfmperf pni dtes64 monitor ds_cpl vmx smx est tm2 ssse3 cx16 xtpr pdcm sse4_1 sse4_2 popcnt lahf_lm ida dtherm tpr_shadow vnmi flexpriority ept vpid
bogomips	: 3192.17
clflush size	: 64
cache_alignment	: 64
address sizes	: 36 bits physical, 48 bits virtual
power management:

processor	: 4
vendor_id	: GenuineIntel
cpu family	: 6
model		: 30
model name	: Intel(R) Core(TM) i7 CPU       Q 720  @ 1.60GHz
stepping	: 5
microcode	: 0x3
cpu MHz		: 1600.000
cache size	: 6144 KB
physical id	: 0
siblings	: 8
core id		: 0
cpu cores	: 4
apicid		: 1
initial apicid	: 1
fpu		: yes
fpu_exception	: yes
cpuid level	: 11
wp		: yes
flags		: fpu vme de pse tsc msr pae mce cx8 apic sep mtrr pge mca cmov pat pse36 clflush dts acpi mmx fxsr sse sse2 ss ht tm pbe syscall nx rdtscp lm constant_tsc arch_perfmon pebs bts rep_good nopl xtopology nonstop_tsc aperfmperf pni dtes64 monitor ds_cpl vmx smx est tm2 ssse3 cx16 xtpr pdcm sse4_1 sse4_2 popcnt lahf_lm ida dtherm tpr_shadow vnmi flexpriority ept vpid
bogomips	: 3192.17
clflush size	: 64
cache_alignment	: 64
address sizes	: 36 bits physical, 48 bits virtual
power management:

processor	: 5
vendor_id	: GenuineIntel
cpu family	: 6
model		: 30
model name	: Intel(R) Core(TM) i7 CPU       Q 720  @ 1.60GHz
stepping	: 5
microcode	: 0x3
cpu MHz		: 1600.000
cache size	: 6144 KB
physical id	: 0
siblings	: 8
core id		: 1
cpu cores	: 4
apicid		: 3
initial apicid	: 3
fpu		: yes
fpu_exception	: yes
cpuid level	: 11
wp		: yes
flags		: fpu vme de pse tsc msr pae mce cx8 apic sep mtrr pge mca cmov pat pse36 clflush dts acpi mmx fxsr sse sse2 ss ht tm pbe syscall nx rdtscp lm constant_tsc arch_perfmon pebs bts rep_good nopl xtopology nonstop_tsc aperfmperf pni dtes64 monitor ds_cpl vmx smx est tm2 ssse3 cx16 xtpr pdcm sse4_1 sse4_2 popcnt lahf_lm ida dtherm tpr_shadow vnmi flexpriority ept vpid
bogomips	: 3192.17
clflush size	: 64
cache_alignment	: 64
address sizes	: 36 bits physical, 48 bits virtual
power management:

processor	: 6
vendor_id	: GenuineIntel
cpu family	: 6
model		: 30
model name	: Intel(R) Core(TM) i7 CPU       Q 720  @ 1.60GHz
stepping	: 5
microcode	: 0x3
cpu MHz		: 1600.000
cache size	: 6144 KB
physical id	: 0
siblings	: 8
core id		: 2
cpu cores	: 4
apicid		: 5
initial apicid	: 5
fpu		: yes
fpu_exception	: yes
cpuid level	: 11
wp		: yes
flags		: fpu vme de pse tsc msr pae mce cx8 apic sep mtrr pge mca cmov pat pse36 clflush dts acpi mmx fxsr sse sse2 ss ht tm pbe syscall nx rdtscp lm constant_tsc arch_perfmon pebs bts rep_good nopl xtopology nonstop_tsc aperfmperf pni dtes64 monitor ds_cpl vmx smx est tm2 ssse3 cx16 xtpr pdcm sse4_1 sse4_2 popcnt lahf_lm ida dtherm tpr_shadow vnmi flexpriority ept vpid
bogomips	: 3192.17
clflush size	: 64
cache_alignment	: 64
address sizes	: 36 bits physical, 48 bits virtual
power management:

processor	: 7
vendor_id	: GenuineIntel
cpu family	: 6
model		: 30
model name	: Intel(R) Core(TM) i7 CPU       Q 720  @ 1.60GHz
stepping	: 5
microcode	: 0x3
cpu MHz		: 933.000
cache size	: 6144 KB
physical id	: 0
siblings	: 8
core id		: 3
cpu cores	: 4
apicid		: 7
initial apicid	: 7
fpu		: yes
fpu_exception	: yes
cpuid level	: 11
wp		: yes
flags		: fpu vme de pse tsc msr pae mce cx8 apic sep mtrr pge mca cmov pat pse36 clflush dts acpi mmx fxsr sse sse2 ss ht tm pbe syscall nx rdtscp lm constant_tsc arch_perfmon pebs bts rep_good nopl xtopology nonstop_tsc aperfmperf pni dtes64 monitor ds_cpl vmx smx est tm2 ssse3 cx16 xtpr pdcm sse4_1 sse4_2 popcnt lahf_lm ida dtherm tpr_shadow vnmi flexpriority ept vpid
bogomips	: 3192.17
clflush size	: 64
cache_alignment	: 64
address sizes	: 36 bits physical, 48 bits virtual
power management:



Memory: 4k page, physical 6094428k(1749216k free), swap 6270972k(6268560k free)

vm_info: Java HotSpot(TM) 64-Bit Server VM (24.51-b03) for linux-amd64 JRE (1.7.0_51-b13), built on Dec 18 2013 18:48:01 by "java_re" with gcc 4.3.0 20080428 (Red Hat 4.3.0-8)

time: Tue Mar  4 21:50:45 2014
elapsed time: 0 seconds

